[2023-11-21T00:38:32.307+0000] {taskinstance.py:1159} INFO - Dependencies all met for dep_context=non-requeueable deps ti=<TaskInstance: shelter_data_dag.transform_data scheduled__2023-11-09T00:00:00+00:00 [queued]>
[2023-11-21T00:38:32.362+0000] {taskinstance.py:1159} INFO - Dependencies all met for dep_context=requeueable deps ti=<TaskInstance: shelter_data_dag.transform_data scheduled__2023-11-09T00:00:00+00:00 [queued]>
[2023-11-21T00:38:32.365+0000] {taskinstance.py:1361} INFO - Starting attempt 1 of 2
[2023-11-21T00:38:32.393+0000] {taskinstance.py:1382} INFO - Executing <Task(PythonOperator): transform_data> on 2023-11-09 00:00:00+00:00
[2023-11-21T00:38:32.405+0000] {standard_task_runner.py:57} INFO - Started process 60 to run task
[2023-11-21T00:38:32.427+0000] {standard_task_runner.py:84} INFO - Running: ['***', 'tasks', 'run', 'shelter_data_dag', 'transform_data', 'scheduled__2023-11-09T00:00:00+00:00', '--job-id', '108', '--raw', '--subdir', 'DAGS_FOLDER/DAG.py', '--cfg-path', '/tmp/tmpesf8szvi']
[2023-11-21T00:38:32.436+0000] {standard_task_runner.py:85} INFO - Job 108: Subtask transform_data
[2023-11-21T00:38:32.639+0000] {task_command.py:416} INFO - Running <TaskInstance: shelter_data_dag.transform_data scheduled__2023-11-09T00:00:00+00:00 [running]> on host c6d84631e1b9
[2023-11-21T00:38:32.831+0000] {taskinstance.py:1662} INFO - Exporting env vars: AIRFLOW_CTX_DAG_OWNER='***' AIRFLOW_CTX_DAG_ID='shelter_data_dag' AIRFLOW_CTX_TASK_ID='transform_data' AIRFLOW_CTX_EXECUTION_DATE='2023-11-09T00:00:00+00:00' AIRFLOW_CTX_TRY_NUMBER='1' AIRFLOW_CTX_DAG_RUN_ID='scheduled__2023-11-09T00:00:00+00:00'
[2023-11-21T00:38:36.472+0000] {python.py:194} INFO - Done. Returned value was: None
[2023-11-21T00:38:36.952+0000] {taskinstance.py:1400} INFO - Marking task as SUCCESS. dag_id=shelter_data_dag, task_id=transform_data, execution_date=20231109T000000, start_date=20231121T003832, end_date=20231121T003836
[2023-11-21T00:38:37.229+0000] {local_task_job_runner.py:228} INFO - Task exited with return code 0
[2023-11-21T00:38:37.730+0000] {taskinstance.py:2778} INFO - 1 downstream tasks scheduled from follow-on schedule check
[2023-11-21T00:43:47.727+0000] {taskinstance.py:1159} INFO - Dependencies all met for dep_context=non-requeueable deps ti=<TaskInstance: shelter_data_dag.transform_data scheduled__2023-11-09T00:00:00+00:00 [queued]>
[2023-11-21T00:43:47.763+0000] {taskinstance.py:1159} INFO - Dependencies all met for dep_context=requeueable deps ti=<TaskInstance: shelter_data_dag.transform_data scheduled__2023-11-09T00:00:00+00:00 [queued]>
[2023-11-21T00:43:47.764+0000] {taskinstance.py:1361} INFO - Starting attempt 1 of 2
[2023-11-21T00:43:47.833+0000] {taskinstance.py:1382} INFO - Executing <Task(PythonOperator): transform_data> on 2023-11-09 00:00:00+00:00
[2023-11-21T00:43:47.941+0000] {standard_task_runner.py:57} INFO - Started process 112 to run task
[2023-11-21T00:43:47.988+0000] {standard_task_runner.py:84} INFO - Running: ['***', 'tasks', 'run', 'shelter_data_dag', 'transform_data', 'scheduled__2023-11-09T00:00:00+00:00', '--job-id', '150', '--raw', '--subdir', 'DAGS_FOLDER/DAG.py', '--cfg-path', '/tmp/tmp4yn_d0sj']
[2023-11-21T00:43:48.062+0000] {standard_task_runner.py:85} INFO - Job 150: Subtask transform_data
[2023-11-21T00:43:48.487+0000] {task_command.py:416} INFO - Running <TaskInstance: shelter_data_dag.transform_data scheduled__2023-11-09T00:00:00+00:00 [running]> on host 51d09cf321f5
[2023-11-21T00:43:48.746+0000] {taskinstance.py:1662} INFO - Exporting env vars: AIRFLOW_CTX_DAG_OWNER='***' AIRFLOW_CTX_DAG_ID='shelter_data_dag' AIRFLOW_CTX_TASK_ID='transform_data' AIRFLOW_CTX_EXECUTION_DATE='2023-11-09T00:00:00+00:00' AIRFLOW_CTX_TRY_NUMBER='1' AIRFLOW_CTX_DAG_RUN_ID='scheduled__2023-11-09T00:00:00+00:00'
[2023-11-21T00:43:50.897+0000] {python.py:194} INFO - Done. Returned value was: None
[2023-11-21T00:43:52.414+0000] {taskinstance.py:1400} INFO - Marking task as SUCCESS. dag_id=shelter_data_dag, task_id=transform_data, execution_date=20231109T000000, start_date=20231121T004347, end_date=20231121T004352
[2023-11-21T00:43:52.947+0000] {local_task_job_runner.py:228} INFO - Task exited with return code 0
[2023-11-21T00:43:53.762+0000] {taskinstance.py:2778} INFO - 0 downstream tasks scheduled from follow-on schedule check
[2023-11-21T01:04:21.704+0000] {taskinstance.py:1159} INFO - Dependencies all met for dep_context=non-requeueable deps ti=<TaskInstance: shelter_data_dag.transform_data scheduled__2023-11-09T00:00:00+00:00 [queued]>
[2023-11-21T01:04:21.727+0000] {taskinstance.py:1159} INFO - Dependencies all met for dep_context=requeueable deps ti=<TaskInstance: shelter_data_dag.transform_data scheduled__2023-11-09T00:00:00+00:00 [queued]>
[2023-11-21T01:04:21.731+0000] {taskinstance.py:1361} INFO - Starting attempt 1 of 2
[2023-11-21T01:04:21.757+0000] {taskinstance.py:1382} INFO - Executing <Task(PythonOperator): transform_data> on 2023-11-09 00:00:00+00:00
[2023-11-21T01:04:21.769+0000] {standard_task_runner.py:57} INFO - Started process 295 to run task
[2023-11-21T01:04:21.798+0000] {standard_task_runner.py:84} INFO - Running: ['***', 'tasks', 'run', 'shelter_data_dag', 'transform_data', 'scheduled__2023-11-09T00:00:00+00:00', '--job-id', '245', '--raw', '--subdir', 'DAGS_FOLDER/DAG.py', '--cfg-path', '/tmp/tmpxru5j3_y']
[2023-11-21T01:04:21.816+0000] {standard_task_runner.py:85} INFO - Job 245: Subtask transform_data
[2023-11-21T01:04:21.942+0000] {task_command.py:416} INFO - Running <TaskInstance: shelter_data_dag.transform_data scheduled__2023-11-09T00:00:00+00:00 [running]> on host e39dda9a9deb
[2023-11-21T01:04:22.052+0000] {taskinstance.py:1662} INFO - Exporting env vars: AIRFLOW_CTX_DAG_OWNER='***' AIRFLOW_CTX_DAG_ID='shelter_data_dag' AIRFLOW_CTX_TASK_ID='transform_data' AIRFLOW_CTX_EXECUTION_DATE='2023-11-09T00:00:00+00:00' AIRFLOW_CTX_TRY_NUMBER='1' AIRFLOW_CTX_DAG_RUN_ID='scheduled__2023-11-09T00:00:00+00:00'
[2023-11-21T01:04:23.824+0000] {python.py:194} INFO - Done. Returned value was: None
[2023-11-21T01:04:23.900+0000] {taskinstance.py:1400} INFO - Marking task as SUCCESS. dag_id=shelter_data_dag, task_id=transform_data, execution_date=20231109T000000, start_date=20231121T010421, end_date=20231121T010423
[2023-11-21T01:04:23.990+0000] {local_task_job_runner.py:228} INFO - Task exited with return code 0
[2023-11-21T01:04:24.098+0000] {taskinstance.py:2778} INFO - 0 downstream tasks scheduled from follow-on schedule check
