[2023-11-21T00:43:38.188+0000] {taskinstance.py:1159} INFO - Dependencies all met for dep_context=non-requeueable deps ti=<TaskInstance: shelter_data_dag.retrieve_data scheduled__2023-11-04T00:00:00+00:00 [queued]>
[2023-11-21T00:43:38.409+0000] {taskinstance.py:1159} INFO - Dependencies all met for dep_context=requeueable deps ti=<TaskInstance: shelter_data_dag.retrieve_data scheduled__2023-11-04T00:00:00+00:00 [queued]>
[2023-11-21T00:43:38.411+0000] {taskinstance.py:1361} INFO - Starting attempt 1 of 2
[2023-11-21T00:43:38.537+0000] {taskinstance.py:1382} INFO - Executing <Task(PythonOperator): retrieve_data> on 2023-11-04 00:00:00+00:00
[2023-11-21T00:43:38.633+0000] {standard_task_runner.py:57} INFO - Started process 99 to run task
[2023-11-21T00:43:38.749+0000] {standard_task_runner.py:84} INFO - Running: ['***', 'tasks', 'run', 'shelter_data_dag', 'retrieve_data', 'scheduled__2023-11-04T00:00:00+00:00', '--job-id', '143', '--raw', '--subdir', 'DAGS_FOLDER/DAG.py', '--cfg-path', '/tmp/tmpa7my7rhc']
[2023-11-21T00:43:38.785+0000] {standard_task_runner.py:85} INFO - Job 143: Subtask retrieve_data
[2023-11-21T00:43:39.348+0000] {task_command.py:416} INFO - Running <TaskInstance: shelter_data_dag.retrieve_data scheduled__2023-11-04T00:00:00+00:00 [running]> on host 51d09cf321f5
[2023-11-21T00:43:39.710+0000] {taskinstance.py:1662} INFO - Exporting env vars: AIRFLOW_CTX_DAG_OWNER='***' AIRFLOW_CTX_DAG_ID='shelter_data_dag' AIRFLOW_CTX_TASK_ID='retrieve_data' AIRFLOW_CTX_EXECUTION_DATE='2023-11-04T00:00:00+00:00' AIRFLOW_CTX_TRY_NUMBER='1' AIRFLOW_CTX_DAG_RUN_ID='scheduled__2023-11-04T00:00:00+00:00'
[2023-11-21T00:43:42.433+0000] {etl.py:87} INFO - No new or updated data to upload. Creating an empty CSV with headers.
[2023-11-21T00:43:42.439+0000] {etl.py:91} INFO - Uploading data to 'raw_data'...
[2023-11-21T00:43:42.617+0000] {etl.py:98} INFO - Updating 'Old_Data' with current data...
[2023-11-21T00:43:43.755+0000] {python.py:194} INFO - Done. Returned value was: None
[2023-11-21T00:43:43.799+0000] {taskinstance.py:1400} INFO - Marking task as SUCCESS. dag_id=shelter_data_dag, task_id=retrieve_data, execution_date=20231104T000000, start_date=20231121T004338, end_date=20231121T004343
[2023-11-21T00:43:43.927+0000] {local_task_job_runner.py:228} INFO - Task exited with return code 0
[2023-11-21T00:43:43.991+0000] {taskinstance.py:2778} INFO - 1 downstream tasks scheduled from follow-on schedule check
[2023-11-21T00:59:18.413+0000] {taskinstance.py:1159} INFO - Dependencies all met for dep_context=non-requeueable deps ti=<TaskInstance: shelter_data_dag.retrieve_data scheduled__2023-11-04T00:00:00+00:00 [queued]>
[2023-11-21T00:59:18.783+0000] {taskinstance.py:1159} INFO - Dependencies all met for dep_context=requeueable deps ti=<TaskInstance: shelter_data_dag.retrieve_data scheduled__2023-11-04T00:00:00+00:00 [queued]>
[2023-11-21T00:59:18.864+0000] {taskinstance.py:1361} INFO - Starting attempt 1 of 2
[2023-11-21T00:59:19.179+0000] {taskinstance.py:1382} INFO - Executing <Task(PythonOperator): retrieve_data> on 2023-11-04 00:00:00+00:00
[2023-11-21T00:59:19.197+0000] {standard_task_runner.py:57} INFO - Started process 106 to run task
[2023-11-21T00:59:19.253+0000] {standard_task_runner.py:84} INFO - Running: ['***', 'tasks', 'run', 'shelter_data_dag', 'retrieve_data', 'scheduled__2023-11-04T00:00:00+00:00', '--job-id', '200', '--raw', '--subdir', 'DAGS_FOLDER/DAG.py', '--cfg-path', '/tmp/tmpayvlnd9h']
[2023-11-21T00:59:19.288+0000] {standard_task_runner.py:85} INFO - Job 200: Subtask retrieve_data
[2023-11-21T00:59:25.982+0000] {task_command.py:416} INFO - Running <TaskInstance: shelter_data_dag.retrieve_data scheduled__2023-11-04T00:00:00+00:00 [running]> on host e39dda9a9deb
[2023-11-21T00:59:26.647+0000] {taskinstance.py:1662} INFO - Exporting env vars: AIRFLOW_CTX_DAG_OWNER='***' AIRFLOW_CTX_DAG_ID='shelter_data_dag' AIRFLOW_CTX_TASK_ID='retrieve_data' AIRFLOW_CTX_EXECUTION_DATE='2023-11-04T00:00:00+00:00' AIRFLOW_CTX_TRY_NUMBER='1' AIRFLOW_CTX_DAG_RUN_ID='scheduled__2023-11-04T00:00:00+00:00'
[2023-11-21T00:59:39.713+0000] {etl.py:91} INFO - Uploading data to 'raw_data'...
[2023-11-21T00:59:43.393+0000] {etl.py:98} INFO - Updating 'Old_Data' with current data...
[2023-11-21T00:59:44.189+0000] {python.py:194} INFO - Done. Returned value was: None
[2023-11-21T00:59:44.253+0000] {taskinstance.py:1400} INFO - Marking task as SUCCESS. dag_id=shelter_data_dag, task_id=retrieve_data, execution_date=20231104T000000, start_date=20231121T005918, end_date=20231121T005944
[2023-11-21T00:59:44.369+0000] {local_task_job_runner.py:228} INFO - Task exited with return code 0
[2023-11-21T00:59:44.489+0000] {taskinstance.py:2778} INFO - 1 downstream tasks scheduled from follow-on schedule check
