[2023-11-21T00:36:59.346+0000] {taskinstance.py:1159} INFO - Dependencies all met for dep_context=non-requeueable deps ti=<TaskInstance: shelter_data_dag.retrieve_data scheduled__2023-11-07T00:00:00+00:00 [queued]>
[2023-11-21T00:36:59.757+0000] {taskinstance.py:1159} INFO - Dependencies all met for dep_context=requeueable deps ti=<TaskInstance: shelter_data_dag.retrieve_data scheduled__2023-11-07T00:00:00+00:00 [queued]>
[2023-11-21T00:36:59.759+0000] {taskinstance.py:1361} INFO - Starting attempt 1 of 2
[2023-11-21T00:37:02.088+0000] {taskinstance.py:1382} INFO - Executing <Task(PythonOperator): retrieve_data> on 2023-11-07 00:00:00+00:00
[2023-11-21T00:37:03.163+0000] {standard_task_runner.py:57} INFO - Started process 102 to run task
[2023-11-21T00:37:03.336+0000] {standard_task_runner.py:84} INFO - Running: ['***', 'tasks', 'run', 'shelter_data_dag', 'retrieve_data', 'scheduled__2023-11-07T00:00:00+00:00', '--job-id', '94', '--raw', '--subdir', 'DAGS_FOLDER/DAG.py', '--cfg-path', '/tmp/tmpngviuz_4']
[2023-11-21T00:37:03.393+0000] {standard_task_runner.py:85} INFO - Job 94: Subtask retrieve_data
[2023-11-21T00:37:03.856+0000] {task_command.py:416} INFO - Running <TaskInstance: shelter_data_dag.retrieve_data scheduled__2023-11-07T00:00:00+00:00 [running]> on host 610e9614f2ef
[2023-11-21T00:37:06.437+0000] {taskinstance.py:1662} INFO - Exporting env vars: AIRFLOW_CTX_DAG_OWNER='***' AIRFLOW_CTX_DAG_ID='shelter_data_dag' AIRFLOW_CTX_TASK_ID='retrieve_data' AIRFLOW_CTX_EXECUTION_DATE='2023-11-07T00:00:00+00:00' AIRFLOW_CTX_TRY_NUMBER='1' AIRFLOW_CTX_DAG_RUN_ID='scheduled__2023-11-07T00:00:00+00:00'
[2023-11-21T00:37:16.614+0000] {etl.py:87} INFO - No new or updated data to upload. Creating an empty CSV with headers.
[2023-11-21T00:37:16.624+0000] {etl.py:91} INFO - Uploading data to 'raw_data'...
[2023-11-21T00:37:16.859+0000] {etl.py:98} INFO - Updating 'Old_Data' with current data...
[2023-11-21T00:37:18.210+0000] {python.py:194} INFO - Done. Returned value was: None
[2023-11-21T00:37:18.350+0000] {taskinstance.py:1400} INFO - Marking task as SUCCESS. dag_id=shelter_data_dag, task_id=retrieve_data, execution_date=20231107T000000, start_date=20231121T003659, end_date=20231121T003718
[2023-11-21T00:37:18.532+0000] {local_task_job_runner.py:228} INFO - Task exited with return code 0
[2023-11-21T00:37:18.787+0000] {taskinstance.py:2778} INFO - 1 downstream tasks scheduled from follow-on schedule check
[2023-11-21T00:43:32.328+0000] {taskinstance.py:1159} INFO - Dependencies all met for dep_context=non-requeueable deps ti=<TaskInstance: shelter_data_dag.retrieve_data scheduled__2023-11-07T00:00:00+00:00 [queued]>
[2023-11-21T00:43:32.547+0000] {taskinstance.py:1159} INFO - Dependencies all met for dep_context=requeueable deps ti=<TaskInstance: shelter_data_dag.retrieve_data scheduled__2023-11-07T00:00:00+00:00 [queued]>
[2023-11-21T00:43:32.557+0000] {taskinstance.py:1361} INFO - Starting attempt 1 of 2
[2023-11-21T00:43:34.144+0000] {taskinstance.py:1382} INFO - Executing <Task(PythonOperator): retrieve_data> on 2023-11-07 00:00:00+00:00
[2023-11-21T00:43:35.745+0000] {standard_task_runner.py:57} INFO - Started process 97 to run task
[2023-11-21T00:43:35.944+0000] {standard_task_runner.py:84} INFO - Running: ['***', 'tasks', 'run', 'shelter_data_dag', 'retrieve_data', 'scheduled__2023-11-07T00:00:00+00:00', '--job-id', '138', '--raw', '--subdir', 'DAGS_FOLDER/DAG.py', '--cfg-path', '/tmp/tmpfg9xf4jd']
[2023-11-21T00:43:36.989+0000] {standard_task_runner.py:85} INFO - Job 138: Subtask retrieve_data
[2023-11-21T00:43:39.216+0000] {task_command.py:416} INFO - Running <TaskInstance: shelter_data_dag.retrieve_data scheduled__2023-11-07T00:00:00+00:00 [running]> on host 51d09cf321f5
[2023-11-21T00:43:39.647+0000] {taskinstance.py:1662} INFO - Exporting env vars: AIRFLOW_CTX_DAG_OWNER='***' AIRFLOW_CTX_DAG_ID='shelter_data_dag' AIRFLOW_CTX_TASK_ID='retrieve_data' AIRFLOW_CTX_EXECUTION_DATE='2023-11-07T00:00:00+00:00' AIRFLOW_CTX_TRY_NUMBER='1' AIRFLOW_CTX_DAG_RUN_ID='scheduled__2023-11-07T00:00:00+00:00'
[2023-11-21T00:43:42.439+0000] {etl.py:87} INFO - No new or updated data to upload. Creating an empty CSV with headers.
[2023-11-21T00:43:42.442+0000] {etl.py:91} INFO - Uploading data to 'raw_data'...
[2023-11-21T00:43:42.640+0000] {etl.py:98} INFO - Updating 'Old_Data' with current data...
[2023-11-21T00:43:43.892+0000] {python.py:194} INFO - Done. Returned value was: None
[2023-11-21T00:43:43.946+0000] {taskinstance.py:1400} INFO - Marking task as SUCCESS. dag_id=shelter_data_dag, task_id=retrieve_data, execution_date=20231107T000000, start_date=20231121T004332, end_date=20231121T004343
[2023-11-21T00:43:44.014+0000] {local_task_job_runner.py:228} INFO - Task exited with return code 0
[2023-11-21T00:43:44.098+0000] {taskinstance.py:2778} INFO - 1 downstream tasks scheduled from follow-on schedule check
[2023-11-21T00:59:09.283+0000] {taskinstance.py:1159} INFO - Dependencies all met for dep_context=non-requeueable deps ti=<TaskInstance: shelter_data_dag.retrieve_data scheduled__2023-11-07T00:00:00+00:00 [queued]>
[2023-11-21T00:59:09.375+0000] {taskinstance.py:1159} INFO - Dependencies all met for dep_context=requeueable deps ti=<TaskInstance: shelter_data_dag.retrieve_data scheduled__2023-11-07T00:00:00+00:00 [queued]>
[2023-11-21T00:59:09.384+0000] {taskinstance.py:1361} INFO - Starting attempt 1 of 2
[2023-11-21T00:59:09.522+0000] {taskinstance.py:1382} INFO - Executing <Task(PythonOperator): retrieve_data> on 2023-11-07 00:00:00+00:00
[2023-11-21T00:59:09.617+0000] {standard_task_runner.py:57} INFO - Started process 98 to run task
[2023-11-21T00:59:09.688+0000] {standard_task_runner.py:84} INFO - Running: ['***', 'tasks', 'run', 'shelter_data_dag', 'retrieve_data', 'scheduled__2023-11-07T00:00:00+00:00', '--job-id', '198', '--raw', '--subdir', 'DAGS_FOLDER/DAG.py', '--cfg-path', '/tmp/tmpuefpsh59']
[2023-11-21T00:59:09.749+0000] {standard_task_runner.py:85} INFO - Job 198: Subtask retrieve_data
[2023-11-21T00:59:18.959+0000] {task_command.py:416} INFO - Running <TaskInstance: shelter_data_dag.retrieve_data scheduled__2023-11-07T00:00:00+00:00 [running]> on host e39dda9a9deb
[2023-11-21T00:59:26.444+0000] {taskinstance.py:1662} INFO - Exporting env vars: AIRFLOW_CTX_DAG_OWNER='***' AIRFLOW_CTX_DAG_ID='shelter_data_dag' AIRFLOW_CTX_TASK_ID='retrieve_data' AIRFLOW_CTX_EXECUTION_DATE='2023-11-07T00:00:00+00:00' AIRFLOW_CTX_TRY_NUMBER='1' AIRFLOW_CTX_DAG_RUN_ID='scheduled__2023-11-07T00:00:00+00:00'
[2023-11-21T00:59:37.657+0000] {local_task_job_runner.py:228} INFO - Task exited with return code -9
[2023-11-21T00:59:38.430+0000] {taskinstance.py:2778} INFO - 0 downstream tasks scheduled from follow-on schedule check
