[2023-11-21T00:36:59.256+0000] {taskinstance.py:1159} INFO - Dependencies all met for dep_context=non-requeueable deps ti=<TaskInstance: shelter_data_dag.retrieve_data scheduled__2023-11-08T00:00:00+00:00 [queued]>
[2023-11-21T00:36:59.356+0000] {taskinstance.py:1159} INFO - Dependencies all met for dep_context=requeueable deps ti=<TaskInstance: shelter_data_dag.retrieve_data scheduled__2023-11-08T00:00:00+00:00 [queued]>
[2023-11-21T00:36:59.362+0000] {taskinstance.py:1361} INFO - Starting attempt 1 of 2
[2023-11-21T00:36:59.750+0000] {taskinstance.py:1382} INFO - Executing <Task(PythonOperator): retrieve_data> on 2023-11-08 00:00:00+00:00
[2023-11-21T00:36:59.936+0000] {standard_task_runner.py:57} INFO - Started process 101 to run task
[2023-11-21T00:37:00.298+0000] {standard_task_runner.py:84} INFO - Running: ['***', 'tasks', 'run', 'shelter_data_dag', 'retrieve_data', 'scheduled__2023-11-08T00:00:00+00:00', '--job-id', '95', '--raw', '--subdir', 'DAGS_FOLDER/DAG.py', '--cfg-path', '/tmp/tmp7jqdjntp']
[2023-11-21T00:37:02.062+0000] {standard_task_runner.py:85} INFO - Job 95: Subtask retrieve_data
[2023-11-21T00:37:04.007+0000] {task_command.py:416} INFO - Running <TaskInstance: shelter_data_dag.retrieve_data scheduled__2023-11-08T00:00:00+00:00 [running]> on host 610e9614f2ef
[2023-11-21T00:37:04.825+0000] {taskinstance.py:1662} INFO - Exporting env vars: AIRFLOW_CTX_DAG_OWNER='***' AIRFLOW_CTX_DAG_ID='shelter_data_dag' AIRFLOW_CTX_TASK_ID='retrieve_data' AIRFLOW_CTX_EXECUTION_DATE='2023-11-08T00:00:00+00:00' AIRFLOW_CTX_TRY_NUMBER='1' AIRFLOW_CTX_DAG_RUN_ID='scheduled__2023-11-08T00:00:00+00:00'
[2023-11-21T00:37:09.750+0000] {local_task_job_runner.py:228} INFO - Task exited with return code -9
[2023-11-21T00:37:09.906+0000] {taskinstance.py:2778} INFO - 0 downstream tasks scheduled from follow-on schedule check
[2023-11-21T00:59:18.930+0000] {taskinstance.py:1159} INFO - Dependencies all met for dep_context=non-requeueable deps ti=<TaskInstance: shelter_data_dag.retrieve_data scheduled__2023-11-08T00:00:00+00:00 [queued]>
[2023-11-21T00:59:19.044+0000] {taskinstance.py:1159} INFO - Dependencies all met for dep_context=requeueable deps ti=<TaskInstance: shelter_data_dag.retrieve_data scheduled__2023-11-08T00:00:00+00:00 [queued]>
[2023-11-21T00:59:19.046+0000] {taskinstance.py:1361} INFO - Starting attempt 1 of 2
[2023-11-21T00:59:19.188+0000] {taskinstance.py:1382} INFO - Executing <Task(PythonOperator): retrieve_data> on 2023-11-08 00:00:00+00:00
[2023-11-21T00:59:19.262+0000] {standard_task_runner.py:57} INFO - Started process 109 to run task
[2023-11-21T00:59:19.348+0000] {standard_task_runner.py:84} INFO - Running: ['***', 'tasks', 'run', 'shelter_data_dag', 'retrieve_data', 'scheduled__2023-11-08T00:00:00+00:00', '--job-id', '201', '--raw', '--subdir', 'DAGS_FOLDER/DAG.py', '--cfg-path', '/tmp/tmpy2pnehfi']
[2023-11-21T00:59:19.467+0000] {standard_task_runner.py:85} INFO - Job 201: Subtask retrieve_data
[2023-11-21T00:59:25.200+0000] {task_command.py:416} INFO - Running <TaskInstance: shelter_data_dag.retrieve_data scheduled__2023-11-08T00:00:00+00:00 [running]> on host e39dda9a9deb
[2023-11-21T00:59:26.524+0000] {taskinstance.py:1662} INFO - Exporting env vars: AIRFLOW_CTX_DAG_OWNER='***' AIRFLOW_CTX_DAG_ID='shelter_data_dag' AIRFLOW_CTX_TASK_ID='retrieve_data' AIRFLOW_CTX_EXECUTION_DATE='2023-11-08T00:00:00+00:00' AIRFLOW_CTX_TRY_NUMBER='1' AIRFLOW_CTX_DAG_RUN_ID='scheduled__2023-11-08T00:00:00+00:00'
[2023-11-21T00:59:39.940+0000] {etl.py:91} INFO - Uploading data to 'raw_data'...
[2023-11-21T00:59:41.124+0000] {etl.py:98} INFO - Updating 'Old_Data' with current data...
[2023-11-21T00:59:41.850+0000] {python.py:194} INFO - Done. Returned value was: None
[2023-11-21T00:59:41.895+0000] {taskinstance.py:1400} INFO - Marking task as SUCCESS. dag_id=shelter_data_dag, task_id=retrieve_data, execution_date=20231108T000000, start_date=20231121T005918, end_date=20231121T005941
[2023-11-21T00:59:41.951+0000] {local_task_job_runner.py:228} INFO - Task exited with return code 0
[2023-11-21T00:59:42.235+0000] {taskinstance.py:2778} INFO - 0 downstream tasks scheduled from follow-on schedule check
