[2023-11-21T00:49:24.229+0000] {taskinstance.py:1159} INFO - Dependencies all met for dep_context=non-requeueable deps ti=<TaskInstance: shelter_data_dag.transform_data scheduled__2023-11-15T00:00:00+00:00 [queued]>
[2023-11-21T00:49:24.246+0000] {taskinstance.py:1159} INFO - Dependencies all met for dep_context=requeueable deps ti=<TaskInstance: shelter_data_dag.transform_data scheduled__2023-11-15T00:00:00+00:00 [queued]>
[2023-11-21T00:49:24.251+0000] {taskinstance.py:1361} INFO - Starting attempt 1 of 2
[2023-11-21T00:49:24.271+0000] {taskinstance.py:1382} INFO - Executing <Task(PythonOperator): transform_data> on 2023-11-15 00:00:00+00:00
[2023-11-21T00:49:24.283+0000] {standard_task_runner.py:57} INFO - Started process 283 to run task
[2023-11-21T00:49:24.297+0000] {standard_task_runner.py:84} INFO - Running: ['***', 'tasks', 'run', 'shelter_data_dag', 'transform_data', 'scheduled__2023-11-15T00:00:00+00:00', '--job-id', '179', '--raw', '--subdir', 'DAGS_FOLDER/DAG.py', '--cfg-path', '/tmp/tmpaw89iz2q']
[2023-11-21T00:49:24.306+0000] {standard_task_runner.py:85} INFO - Job 179: Subtask transform_data
[2023-11-21T00:49:24.418+0000] {task_command.py:416} INFO - Running <TaskInstance: shelter_data_dag.transform_data scheduled__2023-11-15T00:00:00+00:00 [running]> on host 51d09cf321f5
[2023-11-21T00:49:24.566+0000] {taskinstance.py:1662} INFO - Exporting env vars: AIRFLOW_CTX_DAG_OWNER='***' AIRFLOW_CTX_DAG_ID='shelter_data_dag' AIRFLOW_CTX_TASK_ID='transform_data' AIRFLOW_CTX_EXECUTION_DATE='2023-11-15T00:00:00+00:00' AIRFLOW_CTX_TRY_NUMBER='1' AIRFLOW_CTX_DAG_RUN_ID='scheduled__2023-11-15T00:00:00+00:00'
[2023-11-21T00:49:26.341+0000] {python.py:194} INFO - Done. Returned value was: None
[2023-11-21T00:49:26.374+0000] {taskinstance.py:1400} INFO - Marking task as SUCCESS. dag_id=shelter_data_dag, task_id=transform_data, execution_date=20231115T000000, start_date=20231121T004924, end_date=20231121T004926
[2023-11-21T00:49:26.473+0000] {local_task_job_runner.py:228} INFO - Task exited with return code 0
[2023-11-21T00:49:26.526+0000] {taskinstance.py:2778} INFO - 1 downstream tasks scheduled from follow-on schedule check
[2023-11-21T01:04:22.991+0000] {taskinstance.py:1159} INFO - Dependencies all met for dep_context=non-requeueable deps ti=<TaskInstance: shelter_data_dag.transform_data scheduled__2023-11-15T00:00:00+00:00 [queued]>
[2023-11-21T01:04:22.997+0000] {taskinstance.py:1159} INFO - Dependencies all met for dep_context=requeueable deps ti=<TaskInstance: shelter_data_dag.transform_data scheduled__2023-11-15T00:00:00+00:00 [queued]>
[2023-11-21T01:04:22.997+0000] {taskinstance.py:1361} INFO - Starting attempt 1 of 2
[2023-11-21T01:04:23.005+0000] {taskinstance.py:1382} INFO - Executing <Task(PythonOperator): transform_data> on 2023-11-15 00:00:00+00:00
[2023-11-21T01:04:23.013+0000] {standard_task_runner.py:57} INFO - Started process 298 to run task
[2023-11-21T01:04:23.018+0000] {standard_task_runner.py:84} INFO - Running: ['***', 'tasks', 'run', 'shelter_data_dag', 'transform_data', 'scheduled__2023-11-15T00:00:00+00:00', '--job-id', '246', '--raw', '--subdir', 'DAGS_FOLDER/DAG.py', '--cfg-path', '/tmp/tmp_9pt0l2b']
[2023-11-21T01:04:23.021+0000] {standard_task_runner.py:85} INFO - Job 246: Subtask transform_data
[2023-11-21T01:04:23.075+0000] {task_command.py:416} INFO - Running <TaskInstance: shelter_data_dag.transform_data scheduled__2023-11-15T00:00:00+00:00 [running]> on host e39dda9a9deb
[2023-11-21T01:04:23.163+0000] {taskinstance.py:1662} INFO - Exporting env vars: AIRFLOW_CTX_DAG_OWNER='***' AIRFLOW_CTX_DAG_ID='shelter_data_dag' AIRFLOW_CTX_TASK_ID='transform_data' AIRFLOW_CTX_EXECUTION_DATE='2023-11-15T00:00:00+00:00' AIRFLOW_CTX_TRY_NUMBER='1' AIRFLOW_CTX_DAG_RUN_ID='scheduled__2023-11-15T00:00:00+00:00'
[2023-11-21T01:04:24.670+0000] {python.py:194} INFO - Done. Returned value was: None
[2023-11-21T01:04:24.693+0000] {taskinstance.py:1400} INFO - Marking task as SUCCESS. dag_id=shelter_data_dag, task_id=transform_data, execution_date=20231115T000000, start_date=20231121T010422, end_date=20231121T010424
[2023-11-21T01:04:24.728+0000] {local_task_job_runner.py:228} INFO - Task exited with return code 0
[2023-11-21T01:04:24.777+0000] {taskinstance.py:2778} INFO - 1 downstream tasks scheduled from follow-on schedule check
