[2023-11-21T00:38:59.365+0000] {taskinstance.py:1159} INFO - Dependencies all met for dep_context=non-requeueable deps ti=<TaskInstance: shelter_data_dag.retrieve_data scheduled__2023-11-18T00:00:00+00:00 [queued]>
[2023-11-21T00:38:59.389+0000] {taskinstance.py:1159} INFO - Dependencies all met for dep_context=requeueable deps ti=<TaskInstance: shelter_data_dag.retrieve_data scheduled__2023-11-18T00:00:00+00:00 [queued]>
[2023-11-21T00:38:59.390+0000] {taskinstance.py:1361} INFO - Starting attempt 1 of 2
[2023-11-21T00:38:59.416+0000] {taskinstance.py:1382} INFO - Executing <Task(PythonOperator): retrieve_data> on 2023-11-18 00:00:00+00:00
[2023-11-21T00:38:59.441+0000] {standard_task_runner.py:57} INFO - Started process 100 to run task
[2023-11-21T00:38:59.450+0000] {standard_task_runner.py:84} INFO - Running: ['***', 'tasks', 'run', 'shelter_data_dag', 'retrieve_data', 'scheduled__2023-11-18T00:00:00+00:00', '--job-id', '119', '--raw', '--subdir', 'DAGS_FOLDER/DAG.py', '--cfg-path', '/tmp/tmpigqa1mgj']
[2023-11-21T00:38:59.456+0000] {standard_task_runner.py:85} INFO - Job 119: Subtask retrieve_data
[2023-11-21T00:38:59.546+0000] {task_command.py:416} INFO - Running <TaskInstance: shelter_data_dag.retrieve_data scheduled__2023-11-18T00:00:00+00:00 [running]> on host c6d84631e1b9
[2023-11-21T00:38:59.651+0000] {taskinstance.py:1662} INFO - Exporting env vars: AIRFLOW_CTX_DAG_OWNER='***' AIRFLOW_CTX_DAG_ID='shelter_data_dag' AIRFLOW_CTX_TASK_ID='retrieve_data' AIRFLOW_CTX_EXECUTION_DATE='2023-11-18T00:00:00+00:00' AIRFLOW_CTX_TRY_NUMBER='1' AIRFLOW_CTX_DAG_RUN_ID='scheduled__2023-11-18T00:00:00+00:00'
[2023-11-21T00:39:01.984+0000] {etl.py:87} INFO - No new or updated data to upload. Creating an empty CSV with headers.
[2023-11-21T00:39:01.987+0000] {etl.py:91} INFO - Uploading data to 'raw_data'...
[2023-11-21T00:39:02.146+0000] {etl.py:98} INFO - Updating 'Old_Data' with current data...
[2023-11-21T00:39:02.556+0000] {python.py:194} INFO - Done. Returned value was: None
[2023-11-21T00:39:02.596+0000] {taskinstance.py:1400} INFO - Marking task as SUCCESS. dag_id=shelter_data_dag, task_id=retrieve_data, execution_date=20231118T000000, start_date=20231121T003859, end_date=20231121T003902
[2023-11-21T00:39:02.672+0000] {local_task_job_runner.py:228} INFO - Task exited with return code 0
[2023-11-21T00:39:02.709+0000] {taskinstance.py:2778} INFO - 1 downstream tasks scheduled from follow-on schedule check
[2023-11-21T00:44:14.622+0000] {taskinstance.py:1159} INFO - Dependencies all met for dep_context=non-requeueable deps ti=<TaskInstance: shelter_data_dag.retrieve_data scheduled__2023-11-18T00:00:00+00:00 [queued]>
[2023-11-21T00:44:14.632+0000] {taskinstance.py:1159} INFO - Dependencies all met for dep_context=requeueable deps ti=<TaskInstance: shelter_data_dag.retrieve_data scheduled__2023-11-18T00:00:00+00:00 [queued]>
[2023-11-21T00:44:14.632+0000] {taskinstance.py:1361} INFO - Starting attempt 1 of 2
[2023-11-21T00:44:14.662+0000] {taskinstance.py:1382} INFO - Executing <Task(PythonOperator): retrieve_data> on 2023-11-18 00:00:00+00:00
[2023-11-21T00:44:14.689+0000] {standard_task_runner.py:57} INFO - Started process 155 to run task
[2023-11-21T00:44:14.708+0000] {standard_task_runner.py:84} INFO - Running: ['***', 'tasks', 'run', 'shelter_data_dag', 'retrieve_data', 'scheduled__2023-11-18T00:00:00+00:00', '--job-id', '162', '--raw', '--subdir', 'DAGS_FOLDER/DAG.py', '--cfg-path', '/tmp/tmpnjd6elpk']
[2023-11-21T00:44:14.720+0000] {standard_task_runner.py:85} INFO - Job 162: Subtask retrieve_data
[2023-11-21T00:44:14.973+0000] {task_command.py:416} INFO - Running <TaskInstance: shelter_data_dag.retrieve_data scheduled__2023-11-18T00:00:00+00:00 [running]> on host 51d09cf321f5
[2023-11-21T00:44:15.280+0000] {taskinstance.py:1662} INFO - Exporting env vars: AIRFLOW_CTX_DAG_OWNER='***' AIRFLOW_CTX_DAG_ID='shelter_data_dag' AIRFLOW_CTX_TASK_ID='retrieve_data' AIRFLOW_CTX_EXECUTION_DATE='2023-11-18T00:00:00+00:00' AIRFLOW_CTX_TRY_NUMBER='1' AIRFLOW_CTX_DAG_RUN_ID='scheduled__2023-11-18T00:00:00+00:00'
[2023-11-21T00:44:18.035+0000] {etl.py:87} INFO - No new or updated data to upload. Creating an empty CSV with headers.
[2023-11-21T00:44:18.037+0000] {etl.py:91} INFO - Uploading data to 'raw_data'...
[2023-11-21T00:44:18.232+0000] {etl.py:98} INFO - Updating 'Old_Data' with current data...
[2023-11-21T00:44:18.696+0000] {python.py:194} INFO - Done. Returned value was: None
[2023-11-21T00:44:18.748+0000] {taskinstance.py:1400} INFO - Marking task as SUCCESS. dag_id=shelter_data_dag, task_id=retrieve_data, execution_date=20231118T000000, start_date=20231121T004414, end_date=20231121T004418
[2023-11-21T00:44:18.837+0000] {local_task_job_runner.py:228} INFO - Task exited with return code 0
[2023-11-21T00:44:18.905+0000] {taskinstance.py:2778} INFO - 1 downstream tasks scheduled from follow-on schedule check
[2023-11-21T01:00:13.251+0000] {taskinstance.py:1159} INFO - Dependencies all met for dep_context=non-requeueable deps ti=<TaskInstance: shelter_data_dag.retrieve_data scheduled__2023-11-18T00:00:00+00:00 [queued]>
[2023-11-21T01:00:13.296+0000] {taskinstance.py:1159} INFO - Dependencies all met for dep_context=requeueable deps ti=<TaskInstance: shelter_data_dag.retrieve_data scheduled__2023-11-18T00:00:00+00:00 [queued]>
[2023-11-21T01:00:13.300+0000] {taskinstance.py:1361} INFO - Starting attempt 1 of 2
[2023-11-21T01:00:13.401+0000] {taskinstance.py:1382} INFO - Executing <Task(PythonOperator): retrieve_data> on 2023-11-18 00:00:00+00:00
[2023-11-21T01:00:13.482+0000] {standard_task_runner.py:57} INFO - Started process 162 to run task
[2023-11-21T01:00:13.520+0000] {standard_task_runner.py:84} INFO - Running: ['***', 'tasks', 'run', 'shelter_data_dag', 'retrieve_data', 'scheduled__2023-11-18T00:00:00+00:00', '--job-id', '220', '--raw', '--subdir', 'DAGS_FOLDER/DAG.py', '--cfg-path', '/tmp/tmpbm7chm7v']
[2023-11-21T01:00:13.546+0000] {standard_task_runner.py:85} INFO - Job 220: Subtask retrieve_data
[2023-11-21T01:00:13.796+0000] {task_command.py:416} INFO - Running <TaskInstance: shelter_data_dag.retrieve_data scheduled__2023-11-18T00:00:00+00:00 [running]> on host e39dda9a9deb
[2023-11-21T01:00:14.232+0000] {taskinstance.py:1662} INFO - Exporting env vars: AIRFLOW_CTX_DAG_OWNER='***' AIRFLOW_CTX_DAG_ID='shelter_data_dag' AIRFLOW_CTX_TASK_ID='retrieve_data' AIRFLOW_CTX_EXECUTION_DATE='2023-11-18T00:00:00+00:00' AIRFLOW_CTX_TRY_NUMBER='1' AIRFLOW_CTX_DAG_RUN_ID='scheduled__2023-11-18T00:00:00+00:00'
[2023-11-21T01:00:16.413+0000] {etl.py:87} INFO - No new or updated data to upload. Creating an empty CSV with headers.
[2023-11-21T01:00:16.417+0000] {etl.py:91} INFO - Uploading data to 'raw_data'...
[2023-11-21T01:00:16.595+0000] {etl.py:98} INFO - Updating 'Old_Data' with current data...
[2023-11-21T01:00:17.764+0000] {python.py:194} INFO - Done. Returned value was: None
[2023-11-21T01:00:17.792+0000] {taskinstance.py:1400} INFO - Marking task as SUCCESS. dag_id=shelter_data_dag, task_id=retrieve_data, execution_date=20231118T000000, start_date=20231121T010013, end_date=20231121T010017
[2023-11-21T01:00:17.840+0000] {local_task_job_runner.py:228} INFO - Task exited with return code 0
[2023-11-21T01:00:17.876+0000] {taskinstance.py:2778} INFO - 1 downstream tasks scheduled from follow-on schedule check
