[2023-11-21T00:44:08.767+0000] {taskinstance.py:1159} INFO - Dependencies all met for dep_context=non-requeueable deps ti=<TaskInstance: shelter_data_dag.transform_data scheduled__2023-11-16T00:00:00+00:00 [queued]>
[2023-11-21T00:44:08.795+0000] {taskinstance.py:1159} INFO - Dependencies all met for dep_context=requeueable deps ti=<TaskInstance: shelter_data_dag.transform_data scheduled__2023-11-16T00:00:00+00:00 [queued]>
[2023-11-21T00:44:08.796+0000] {taskinstance.py:1361} INFO - Starting attempt 1 of 2
[2023-11-21T00:44:08.850+0000] {taskinstance.py:1382} INFO - Executing <Task(PythonOperator): transform_data> on 2023-11-16 00:00:00+00:00
[2023-11-21T00:44:08.917+0000] {standard_task_runner.py:57} INFO - Started process 142 to run task
[2023-11-21T00:44:08.929+0000] {standard_task_runner.py:84} INFO - Running: ['***', 'tasks', 'run', 'shelter_data_dag', 'transform_data', 'scheduled__2023-11-16T00:00:00+00:00', '--job-id', '158', '--raw', '--subdir', 'DAGS_FOLDER/DAG.py', '--cfg-path', '/tmp/tmp93nlrnsy']
[2023-11-21T00:44:08.935+0000] {standard_task_runner.py:85} INFO - Job 158: Subtask transform_data
[2023-11-21T00:44:09.040+0000] {task_command.py:416} INFO - Running <TaskInstance: shelter_data_dag.transform_data scheduled__2023-11-16T00:00:00+00:00 [running]> on host 51d09cf321f5
[2023-11-21T00:44:09.167+0000] {taskinstance.py:1662} INFO - Exporting env vars: AIRFLOW_CTX_DAG_OWNER='***' AIRFLOW_CTX_DAG_ID='shelter_data_dag' AIRFLOW_CTX_TASK_ID='transform_data' AIRFLOW_CTX_EXECUTION_DATE='2023-11-16T00:00:00+00:00' AIRFLOW_CTX_TRY_NUMBER='1' AIRFLOW_CTX_DAG_RUN_ID='scheduled__2023-11-16T00:00:00+00:00'
[2023-11-21T00:44:10.611+0000] {python.py:194} INFO - Done. Returned value was: None
[2023-11-21T00:44:10.653+0000] {taskinstance.py:1400} INFO - Marking task as SUCCESS. dag_id=shelter_data_dag, task_id=transform_data, execution_date=20231116T000000, start_date=20231121T004408, end_date=20231121T004410
[2023-11-21T00:44:10.715+0000] {local_task_job_runner.py:228} INFO - Task exited with return code 0
[2023-11-21T00:44:10.770+0000] {taskinstance.py:2778} INFO - 1 downstream tasks scheduled from follow-on schedule check
[2023-11-21T01:00:20.302+0000] {taskinstance.py:1159} INFO - Dependencies all met for dep_context=non-requeueable deps ti=<TaskInstance: shelter_data_dag.transform_data scheduled__2023-11-16T00:00:00+00:00 [queued]>
[2023-11-21T01:00:20.312+0000] {taskinstance.py:1159} INFO - Dependencies all met for dep_context=requeueable deps ti=<TaskInstance: shelter_data_dag.transform_data scheduled__2023-11-16T00:00:00+00:00 [queued]>
[2023-11-21T01:00:20.312+0000] {taskinstance.py:1361} INFO - Starting attempt 1 of 2
[2023-11-21T01:00:20.457+0000] {taskinstance.py:1382} INFO - Executing <Task(PythonOperator): transform_data> on 2023-11-16 00:00:00+00:00
[2023-11-21T01:00:20.524+0000] {standard_task_runner.py:57} INFO - Started process 172 to run task
[2023-11-21T01:00:20.616+0000] {standard_task_runner.py:84} INFO - Running: ['***', 'tasks', 'run', 'shelter_data_dag', 'transform_data', 'scheduled__2023-11-16T00:00:00+00:00', '--job-id', '221', '--raw', '--subdir', 'DAGS_FOLDER/DAG.py', '--cfg-path', '/tmp/tmp6cbnn3ou']
[2023-11-21T01:00:20.631+0000] {standard_task_runner.py:85} INFO - Job 221: Subtask transform_data
[2023-11-21T01:00:20.850+0000] {task_command.py:416} INFO - Running <TaskInstance: shelter_data_dag.transform_data scheduled__2023-11-16T00:00:00+00:00 [running]> on host e39dda9a9deb
[2023-11-21T01:00:21.152+0000] {taskinstance.py:1662} INFO - Exporting env vars: AIRFLOW_CTX_DAG_OWNER='***' AIRFLOW_CTX_DAG_ID='shelter_data_dag' AIRFLOW_CTX_TASK_ID='transform_data' AIRFLOW_CTX_EXECUTION_DATE='2023-11-16T00:00:00+00:00' AIRFLOW_CTX_TRY_NUMBER='1' AIRFLOW_CTX_DAG_RUN_ID='scheduled__2023-11-16T00:00:00+00:00'
[2023-11-21T01:00:22.956+0000] {python.py:194} INFO - Done. Returned value was: None
[2023-11-21T01:00:23.018+0000] {taskinstance.py:1400} INFO - Marking task as SUCCESS. dag_id=shelter_data_dag, task_id=transform_data, execution_date=20231116T000000, start_date=20231121T010020, end_date=20231121T010023
[2023-11-21T01:00:23.114+0000] {local_task_job_runner.py:228} INFO - Task exited with return code 0
[2023-11-21T01:00:23.173+0000] {taskinstance.py:2778} INFO - 1 downstream tasks scheduled from follow-on schedule check
