[2023-11-21T00:49:27.528+0000] {taskinstance.py:1159} INFO - Dependencies all met for dep_context=non-requeueable deps ti=<TaskInstance: shelter_data_dag.transform_data scheduled__2023-11-14T00:00:00+00:00 [queued]>
[2023-11-21T00:49:27.533+0000] {taskinstance.py:1159} INFO - Dependencies all met for dep_context=requeueable deps ti=<TaskInstance: shelter_data_dag.transform_data scheduled__2023-11-14T00:00:00+00:00 [queued]>
[2023-11-21T00:49:27.534+0000] {taskinstance.py:1361} INFO - Starting attempt 1 of 2
[2023-11-21T00:49:27.543+0000] {taskinstance.py:1382} INFO - Executing <Task(PythonOperator): transform_data> on 2023-11-14 00:00:00+00:00
[2023-11-21T00:49:27.549+0000] {standard_task_runner.py:57} INFO - Started process 296 to run task
[2023-11-21T00:49:27.562+0000] {standard_task_runner.py:84} INFO - Running: ['***', 'tasks', 'run', 'shelter_data_dag', 'transform_data', 'scheduled__2023-11-14T00:00:00+00:00', '--job-id', '183', '--raw', '--subdir', 'DAGS_FOLDER/DAG.py', '--cfg-path', '/tmp/tmpagnfdl6w']
[2023-11-21T00:49:27.572+0000] {standard_task_runner.py:85} INFO - Job 183: Subtask transform_data
[2023-11-21T00:49:27.621+0000] {task_command.py:416} INFO - Running <TaskInstance: shelter_data_dag.transform_data scheduled__2023-11-14T00:00:00+00:00 [running]> on host 51d09cf321f5
[2023-11-21T00:49:27.700+0000] {taskinstance.py:1662} INFO - Exporting env vars: AIRFLOW_CTX_DAG_OWNER='***' AIRFLOW_CTX_DAG_ID='shelter_data_dag' AIRFLOW_CTX_TASK_ID='transform_data' AIRFLOW_CTX_EXECUTION_DATE='2023-11-14T00:00:00+00:00' AIRFLOW_CTX_TRY_NUMBER='1' AIRFLOW_CTX_DAG_RUN_ID='scheduled__2023-11-14T00:00:00+00:00'
[2023-11-21T00:49:29.163+0000] {python.py:194} INFO - Done. Returned value was: None
[2023-11-21T00:49:29.205+0000] {taskinstance.py:1400} INFO - Marking task as SUCCESS. dag_id=shelter_data_dag, task_id=transform_data, execution_date=20231114T000000, start_date=20231121T004927, end_date=20231121T004929
[2023-11-21T00:49:29.272+0000] {local_task_job_runner.py:228} INFO - Task exited with return code 0
[2023-11-21T00:49:29.306+0000] {taskinstance.py:2778} INFO - 1 downstream tasks scheduled from follow-on schedule check
[2023-11-21T01:09:24.414+0000] {taskinstance.py:1159} INFO - Dependencies all met for dep_context=non-requeueable deps ti=<TaskInstance: shelter_data_dag.transform_data scheduled__2023-11-14T00:00:00+00:00 [queued]>
[2023-11-21T01:09:24.419+0000] {taskinstance.py:1159} INFO - Dependencies all met for dep_context=requeueable deps ti=<TaskInstance: shelter_data_dag.transform_data scheduled__2023-11-14T00:00:00+00:00 [queued]>
[2023-11-21T01:09:24.419+0000] {taskinstance.py:1361} INFO - Starting attempt 1 of 2
[2023-11-21T01:09:24.425+0000] {taskinstance.py:1382} INFO - Executing <Task(PythonOperator): transform_data> on 2023-11-14 00:00:00+00:00
[2023-11-21T01:09:24.431+0000] {standard_task_runner.py:57} INFO - Started process 422 to run task
[2023-11-21T01:09:24.435+0000] {standard_task_runner.py:84} INFO - Running: ['***', 'tasks', 'run', 'shelter_data_dag', 'transform_data', 'scheduled__2023-11-14T00:00:00+00:00', '--job-id', '261', '--raw', '--subdir', 'DAGS_FOLDER/DAG.py', '--cfg-path', '/tmp/tmpgm1xugt8']
[2023-11-21T01:09:24.437+0000] {standard_task_runner.py:85} INFO - Job 261: Subtask transform_data
[2023-11-21T01:09:24.472+0000] {task_command.py:416} INFO - Running <TaskInstance: shelter_data_dag.transform_data scheduled__2023-11-14T00:00:00+00:00 [running]> on host e39dda9a9deb
[2023-11-21T01:09:24.543+0000] {taskinstance.py:1662} INFO - Exporting env vars: AIRFLOW_CTX_DAG_OWNER='***' AIRFLOW_CTX_DAG_ID='shelter_data_dag' AIRFLOW_CTX_TASK_ID='transform_data' AIRFLOW_CTX_EXECUTION_DATE='2023-11-14T00:00:00+00:00' AIRFLOW_CTX_TRY_NUMBER='1' AIRFLOW_CTX_DAG_RUN_ID='scheduled__2023-11-14T00:00:00+00:00'
[2023-11-21T01:09:26.078+0000] {python.py:194} INFO - Done. Returned value was: None
[2023-11-21T01:09:26.089+0000] {taskinstance.py:1400} INFO - Marking task as SUCCESS. dag_id=shelter_data_dag, task_id=transform_data, execution_date=20231114T000000, start_date=20231121T010924, end_date=20231121T010926
[2023-11-21T01:09:26.144+0000] {local_task_job_runner.py:228} INFO - Task exited with return code 0
[2023-11-21T01:09:26.173+0000] {taskinstance.py:2778} INFO - 1 downstream tasks scheduled from follow-on schedule check
