[2023-11-21T00:39:09.771+0000] {taskinstance.py:1159} INFO - Dependencies all met for dep_context=non-requeueable deps ti=<TaskInstance: shelter_data_dag.load_data scheduled__2023-11-19T00:00:00+00:00 [queued]>
[2023-11-21T00:39:09.776+0000] {taskinstance.py:1159} INFO - Dependencies all met for dep_context=requeueable deps ti=<TaskInstance: shelter_data_dag.load_data scheduled__2023-11-19T00:00:00+00:00 [queued]>
[2023-11-21T00:39:09.777+0000] {taskinstance.py:1361} INFO - Starting attempt 1 of 2
[2023-11-21T00:39:09.783+0000] {taskinstance.py:1382} INFO - Executing <Task(PythonOperator): load_data> on 2023-11-19 00:00:00+00:00
[2023-11-21T00:39:09.796+0000] {standard_task_runner.py:57} INFO - Started process 120 to run task
[2023-11-21T00:39:09.804+0000] {standard_task_runner.py:84} INFO - Running: ['***', 'tasks', 'run', 'shelter_data_dag', 'load_data', 'scheduled__2023-11-19T00:00:00+00:00', '--job-id', '127', '--raw', '--subdir', 'DAGS_FOLDER/DAG.py', '--cfg-path', '/tmp/tmpw688ib60']
[2023-11-21T00:39:09.814+0000] {standard_task_runner.py:85} INFO - Job 127: Subtask load_data
[2023-11-21T00:39:09.852+0000] {task_command.py:416} INFO - Running <TaskInstance: shelter_data_dag.load_data scheduled__2023-11-19T00:00:00+00:00 [running]> on host c6d84631e1b9
[2023-11-21T00:39:09.909+0000] {taskinstance.py:1662} INFO - Exporting env vars: AIRFLOW_CTX_DAG_OWNER='***' AIRFLOW_CTX_DAG_ID='shelter_data_dag' AIRFLOW_CTX_TASK_ID='load_data' AIRFLOW_CTX_EXECUTION_DATE='2023-11-19T00:00:00+00:00' AIRFLOW_CTX_TRY_NUMBER='1' AIRFLOW_CTX_DAG_RUN_ID='scheduled__2023-11-19T00:00:00+00:00'
[2023-11-21T00:39:13.157+0000] {python.py:194} INFO - Done. Returned value was: None
[2023-11-21T00:39:13.183+0000] {taskinstance.py:1400} INFO - Marking task as SUCCESS. dag_id=shelter_data_dag, task_id=load_data, execution_date=20231119T000000, start_date=20231121T003909, end_date=20231121T003913
[2023-11-21T00:39:13.228+0000] {local_task_job_runner.py:228} INFO - Task exited with return code 0
[2023-11-21T00:39:13.247+0000] {taskinstance.py:2778} INFO - 0 downstream tasks scheduled from follow-on schedule check
[2023-11-21T00:44:28.611+0000] {taskinstance.py:1159} INFO - Dependencies all met for dep_context=non-requeueable deps ti=<TaskInstance: shelter_data_dag.load_data scheduled__2023-11-19T00:00:00+00:00 [queued]>
[2023-11-21T00:44:28.620+0000] {taskinstance.py:1159} INFO - Dependencies all met for dep_context=requeueable deps ti=<TaskInstance: shelter_data_dag.load_data scheduled__2023-11-19T00:00:00+00:00 [queued]>
[2023-11-21T00:44:28.621+0000] {taskinstance.py:1361} INFO - Starting attempt 1 of 2
[2023-11-21T00:44:28.654+0000] {taskinstance.py:1382} INFO - Executing <Task(PythonOperator): load_data> on 2023-11-19 00:00:00+00:00
[2023-11-21T00:44:28.664+0000] {standard_task_runner.py:57} INFO - Started process 187 to run task
[2023-11-21T00:44:28.677+0000] {standard_task_runner.py:84} INFO - Running: ['***', 'tasks', 'run', 'shelter_data_dag', 'load_data', 'scheduled__2023-11-19T00:00:00+00:00', '--job-id', '170', '--raw', '--subdir', 'DAGS_FOLDER/DAG.py', '--cfg-path', '/tmp/tmpqbqjs2kp']
[2023-11-21T00:44:28.691+0000] {standard_task_runner.py:85} INFO - Job 170: Subtask load_data
[2023-11-21T00:44:28.885+0000] {task_command.py:416} INFO - Running <TaskInstance: shelter_data_dag.load_data scheduled__2023-11-19T00:00:00+00:00 [running]> on host 51d09cf321f5
[2023-11-21T00:44:29.146+0000] {taskinstance.py:1662} INFO - Exporting env vars: AIRFLOW_CTX_DAG_OWNER='***' AIRFLOW_CTX_DAG_ID='shelter_data_dag' AIRFLOW_CTX_TASK_ID='load_data' AIRFLOW_CTX_EXECUTION_DATE='2023-11-19T00:00:00+00:00' AIRFLOW_CTX_TRY_NUMBER='1' AIRFLOW_CTX_DAG_RUN_ID='scheduled__2023-11-19T00:00:00+00:00'
[2023-11-21T00:44:32.726+0000] {python.py:194} INFO - Done. Returned value was: None
[2023-11-21T00:44:32.768+0000] {taskinstance.py:1400} INFO - Marking task as SUCCESS. dag_id=shelter_data_dag, task_id=load_data, execution_date=20231119T000000, start_date=20231121T004428, end_date=20231121T004432
[2023-11-21T00:44:32.882+0000] {local_task_job_runner.py:228} INFO - Task exited with return code 0
[2023-11-21T00:44:32.947+0000] {taskinstance.py:2778} INFO - 0 downstream tasks scheduled from follow-on schedule check
[2023-11-21T01:00:26.611+0000] {taskinstance.py:1159} INFO - Dependencies all met for dep_context=non-requeueable deps ti=<TaskInstance: shelter_data_dag.load_data scheduled__2023-11-19T00:00:00+00:00 [queued]>
[2023-11-21T01:00:26.626+0000] {taskinstance.py:1159} INFO - Dependencies all met for dep_context=requeueable deps ti=<TaskInstance: shelter_data_dag.load_data scheduled__2023-11-19T00:00:00+00:00 [queued]>
[2023-11-21T01:00:26.628+0000] {taskinstance.py:1361} INFO - Starting attempt 1 of 2
[2023-11-21T01:00:26.640+0000] {taskinstance.py:1382} INFO - Executing <Task(PythonOperator): load_data> on 2023-11-19 00:00:00+00:00
[2023-11-21T01:00:26.648+0000] {standard_task_runner.py:57} INFO - Started process 194 to run task
[2023-11-21T01:00:26.670+0000] {standard_task_runner.py:84} INFO - Running: ['***', 'tasks', 'run', 'shelter_data_dag', 'load_data', 'scheduled__2023-11-19T00:00:00+00:00', '--job-id', '230', '--raw', '--subdir', 'DAGS_FOLDER/DAG.py', '--cfg-path', '/tmp/tmpzmvwko44']
[2023-11-21T01:00:26.680+0000] {standard_task_runner.py:85} INFO - Job 230: Subtask load_data
[2023-11-21T01:00:26.737+0000] {task_command.py:416} INFO - Running <TaskInstance: shelter_data_dag.load_data scheduled__2023-11-19T00:00:00+00:00 [running]> on host e39dda9a9deb
[2023-11-21T01:00:26.795+0000] {taskinstance.py:1662} INFO - Exporting env vars: AIRFLOW_CTX_DAG_OWNER='***' AIRFLOW_CTX_DAG_ID='shelter_data_dag' AIRFLOW_CTX_TASK_ID='load_data' AIRFLOW_CTX_EXECUTION_DATE='2023-11-19T00:00:00+00:00' AIRFLOW_CTX_TRY_NUMBER='1' AIRFLOW_CTX_DAG_RUN_ID='scheduled__2023-11-19T00:00:00+00:00'
[2023-11-21T01:00:29.955+0000] {python.py:194} INFO - Done. Returned value was: None
[2023-11-21T01:00:30.015+0000] {taskinstance.py:1400} INFO - Marking task as SUCCESS. dag_id=shelter_data_dag, task_id=load_data, execution_date=20231119T000000, start_date=20231121T010026, end_date=20231121T010030
[2023-11-21T01:00:30.062+0000] {local_task_job_runner.py:228} INFO - Task exited with return code 0
[2023-11-21T01:00:30.089+0000] {taskinstance.py:2778} INFO - 0 downstream tasks scheduled from follow-on schedule check
