[2023-11-21T00:38:32.288+0000] {taskinstance.py:1159} INFO - Dependencies all met for dep_context=non-requeueable deps ti=<TaskInstance: shelter_data_dag.transform_data scheduled__2023-11-07T00:00:00+00:00 [queued]>
[2023-11-21T00:38:32.329+0000] {taskinstance.py:1159} INFO - Dependencies all met for dep_context=requeueable deps ti=<TaskInstance: shelter_data_dag.transform_data scheduled__2023-11-07T00:00:00+00:00 [queued]>
[2023-11-21T00:38:32.332+0000] {taskinstance.py:1361} INFO - Starting attempt 1 of 2
[2023-11-21T00:38:32.368+0000] {taskinstance.py:1382} INFO - Executing <Task(PythonOperator): transform_data> on 2023-11-07 00:00:00+00:00
[2023-11-21T00:38:32.392+0000] {standard_task_runner.py:57} INFO - Started process 59 to run task
[2023-11-21T00:38:32.410+0000] {standard_task_runner.py:84} INFO - Running: ['***', 'tasks', 'run', 'shelter_data_dag', 'transform_data', 'scheduled__2023-11-07T00:00:00+00:00', '--job-id', '107', '--raw', '--subdir', 'DAGS_FOLDER/DAG.py', '--cfg-path', '/tmp/tmp25_zre0q']
[2023-11-21T00:38:32.419+0000] {standard_task_runner.py:85} INFO - Job 107: Subtask transform_data
[2023-11-21T00:38:32.621+0000] {task_command.py:416} INFO - Running <TaskInstance: shelter_data_dag.transform_data scheduled__2023-11-07T00:00:00+00:00 [running]> on host c6d84631e1b9
[2023-11-21T00:38:32.815+0000] {taskinstance.py:1662} INFO - Exporting env vars: AIRFLOW_CTX_DAG_OWNER='***' AIRFLOW_CTX_DAG_ID='shelter_data_dag' AIRFLOW_CTX_TASK_ID='transform_data' AIRFLOW_CTX_EXECUTION_DATE='2023-11-07T00:00:00+00:00' AIRFLOW_CTX_TRY_NUMBER='1' AIRFLOW_CTX_DAG_RUN_ID='scheduled__2023-11-07T00:00:00+00:00'
[2023-11-21T00:38:36.254+0000] {python.py:194} INFO - Done. Returned value was: None
[2023-11-21T00:38:36.556+0000] {taskinstance.py:1400} INFO - Marking task as SUCCESS. dag_id=shelter_data_dag, task_id=transform_data, execution_date=20231107T000000, start_date=20231121T003832, end_date=20231121T003836
[2023-11-21T00:38:37.320+0000] {local_task_job_runner.py:228} INFO - Task exited with return code 0
[2023-11-21T00:38:37.915+0000] {taskinstance.py:2778} INFO - 1 downstream tasks scheduled from follow-on schedule check
[2023-11-21T00:43:48.528+0000] {taskinstance.py:1159} INFO - Dependencies all met for dep_context=non-requeueable deps ti=<TaskInstance: shelter_data_dag.transform_data scheduled__2023-11-07T00:00:00+00:00 [queued]>
[2023-11-21T00:43:48.605+0000] {taskinstance.py:1159} INFO - Dependencies all met for dep_context=requeueable deps ti=<TaskInstance: shelter_data_dag.transform_data scheduled__2023-11-07T00:00:00+00:00 [queued]>
[2023-11-21T00:43:48.610+0000] {taskinstance.py:1361} INFO - Starting attempt 1 of 2
[2023-11-21T00:43:48.668+0000] {taskinstance.py:1382} INFO - Executing <Task(PythonOperator): transform_data> on 2023-11-07 00:00:00+00:00
[2023-11-21T00:43:48.678+0000] {standard_task_runner.py:57} INFO - Started process 122 to run task
[2023-11-21T00:43:48.722+0000] {standard_task_runner.py:84} INFO - Running: ['***', 'tasks', 'run', 'shelter_data_dag', 'transform_data', 'scheduled__2023-11-07T00:00:00+00:00', '--job-id', '149', '--raw', '--subdir', 'DAGS_FOLDER/DAG.py', '--cfg-path', '/tmp/tmplzp_d4z8']
[2023-11-21T00:43:48.728+0000] {standard_task_runner.py:85} INFO - Job 149: Subtask transform_data
[2023-11-21T00:43:48.839+0000] {task_command.py:416} INFO - Running <TaskInstance: shelter_data_dag.transform_data scheduled__2023-11-07T00:00:00+00:00 [running]> on host 51d09cf321f5
[2023-11-21T00:43:48.959+0000] {taskinstance.py:1662} INFO - Exporting env vars: AIRFLOW_CTX_DAG_OWNER='***' AIRFLOW_CTX_DAG_ID='shelter_data_dag' AIRFLOW_CTX_TASK_ID='transform_data' AIRFLOW_CTX_EXECUTION_DATE='2023-11-07T00:00:00+00:00' AIRFLOW_CTX_TRY_NUMBER='1' AIRFLOW_CTX_DAG_RUN_ID='scheduled__2023-11-07T00:00:00+00:00'
[2023-11-21T00:43:50.832+0000] {python.py:194} INFO - Done. Returned value was: None
[2023-11-21T00:43:52.349+0000] {taskinstance.py:1400} INFO - Marking task as SUCCESS. dag_id=shelter_data_dag, task_id=transform_data, execution_date=20231107T000000, start_date=20231121T004348, end_date=20231121T004352
[2023-11-21T00:43:52.931+0000] {local_task_job_runner.py:228} INFO - Task exited with return code 0
[2023-11-21T00:43:53.136+0000] {taskinstance.py:2778} INFO - 1 downstream tasks scheduled from follow-on schedule check
[2023-11-21T01:04:55.767+0000] {taskinstance.py:1159} INFO - Dependencies all met for dep_context=non-requeueable deps ti=<TaskInstance: shelter_data_dag.transform_data scheduled__2023-11-07T00:00:00+00:00 [queued]>
[2023-11-21T01:04:55.772+0000] {taskinstance.py:1159} INFO - Dependencies all met for dep_context=requeueable deps ti=<TaskInstance: shelter_data_dag.transform_data scheduled__2023-11-07T00:00:00+00:00 [queued]>
[2023-11-21T01:04:55.772+0000] {taskinstance.py:1361} INFO - Starting attempt 1 of 2
[2023-11-21T01:04:55.778+0000] {taskinstance.py:1382} INFO - Executing <Task(PythonOperator): transform_data> on 2023-11-07 00:00:00+00:00
[2023-11-21T01:04:55.784+0000] {standard_task_runner.py:57} INFO - Started process 320 to run task
[2023-11-21T01:04:55.787+0000] {standard_task_runner.py:84} INFO - Running: ['***', 'tasks', 'run', 'shelter_data_dag', 'transform_data', 'scheduled__2023-11-07T00:00:00+00:00', '--job-id', '251', '--raw', '--subdir', 'DAGS_FOLDER/DAG.py', '--cfg-path', '/tmp/tmpty7g4c5q']
[2023-11-21T01:04:55.790+0000] {standard_task_runner.py:85} INFO - Job 251: Subtask transform_data
[2023-11-21T01:04:55.821+0000] {task_command.py:416} INFO - Running <TaskInstance: shelter_data_dag.transform_data scheduled__2023-11-07T00:00:00+00:00 [running]> on host e39dda9a9deb
[2023-11-21T01:04:55.895+0000] {taskinstance.py:1662} INFO - Exporting env vars: AIRFLOW_CTX_DAG_OWNER='***' AIRFLOW_CTX_DAG_ID='shelter_data_dag' AIRFLOW_CTX_TASK_ID='transform_data' AIRFLOW_CTX_EXECUTION_DATE='2023-11-07T00:00:00+00:00' AIRFLOW_CTX_TRY_NUMBER='1' AIRFLOW_CTX_DAG_RUN_ID='scheduled__2023-11-07T00:00:00+00:00'
[2023-11-21T01:04:57.369+0000] {python.py:194} INFO - Done. Returned value was: None
[2023-11-21T01:04:57.379+0000] {taskinstance.py:1400} INFO - Marking task as SUCCESS. dag_id=shelter_data_dag, task_id=transform_data, execution_date=20231107T000000, start_date=20231121T010455, end_date=20231121T010457
[2023-11-21T01:04:57.398+0000] {local_task_job_runner.py:228} INFO - Task exited with return code 0
[2023-11-21T01:04:57.433+0000] {taskinstance.py:2778} INFO - 1 downstream tasks scheduled from follow-on schedule check
