[2023-11-21T00:38:49.952+0000] {taskinstance.py:1159} INFO - Dependencies all met for dep_context=non-requeueable deps ti=<TaskInstance: shelter_data_dag.transform_data scheduled__2023-11-17T00:00:00+00:00 [queued]>
[2023-11-21T00:38:49.959+0000] {taskinstance.py:1159} INFO - Dependencies all met for dep_context=requeueable deps ti=<TaskInstance: shelter_data_dag.transform_data scheduled__2023-11-17T00:00:00+00:00 [queued]>
[2023-11-21T00:38:49.959+0000] {taskinstance.py:1361} INFO - Starting attempt 1 of 2
[2023-11-21T00:38:49.969+0000] {taskinstance.py:1382} INFO - Executing <Task(PythonOperator): transform_data> on 2023-11-17 00:00:00+00:00
[2023-11-21T00:38:50.000+0000] {standard_task_runner.py:57} INFO - Started process 87 to run task
[2023-11-21T00:38:50.014+0000] {standard_task_runner.py:84} INFO - Running: ['***', 'tasks', 'run', 'shelter_data_dag', 'transform_data', 'scheduled__2023-11-17T00:00:00+00:00', '--job-id', '116', '--raw', '--subdir', 'DAGS_FOLDER/DAG.py', '--cfg-path', '/tmp/tmp8hg4c3zy']
[2023-11-21T00:38:50.022+0000] {standard_task_runner.py:85} INFO - Job 116: Subtask transform_data
[2023-11-21T00:38:50.103+0000] {task_command.py:416} INFO - Running <TaskInstance: shelter_data_dag.transform_data scheduled__2023-11-17T00:00:00+00:00 [running]> on host c6d84631e1b9
[2023-11-21T00:38:50.206+0000] {taskinstance.py:1662} INFO - Exporting env vars: AIRFLOW_CTX_DAG_OWNER='***' AIRFLOW_CTX_DAG_ID='shelter_data_dag' AIRFLOW_CTX_TASK_ID='transform_data' AIRFLOW_CTX_EXECUTION_DATE='2023-11-17T00:00:00+00:00' AIRFLOW_CTX_TRY_NUMBER='1' AIRFLOW_CTX_DAG_RUN_ID='scheduled__2023-11-17T00:00:00+00:00'
[2023-11-21T00:38:51.707+0000] {python.py:194} INFO - Done. Returned value was: None
[2023-11-21T00:38:51.742+0000] {taskinstance.py:1400} INFO - Marking task as SUCCESS. dag_id=shelter_data_dag, task_id=transform_data, execution_date=20231117T000000, start_date=20231121T003849, end_date=20231121T003851
[2023-11-21T00:38:51.773+0000] {local_task_job_runner.py:228} INFO - Task exited with return code 0
[2023-11-21T00:38:51.828+0000] {taskinstance.py:2778} INFO - 1 downstream tasks scheduled from follow-on schedule check
[2023-11-21T00:44:22.066+0000] {taskinstance.py:1159} INFO - Dependencies all met for dep_context=non-requeueable deps ti=<TaskInstance: shelter_data_dag.transform_data scheduled__2023-11-17T00:00:00+00:00 [queued]>
[2023-11-21T00:44:22.091+0000] {taskinstance.py:1159} INFO - Dependencies all met for dep_context=requeueable deps ti=<TaskInstance: shelter_data_dag.transform_data scheduled__2023-11-17T00:00:00+00:00 [queued]>
[2023-11-21T00:44:22.092+0000] {taskinstance.py:1361} INFO - Starting attempt 1 of 2
[2023-11-21T00:44:22.118+0000] {taskinstance.py:1382} INFO - Executing <Task(PythonOperator): transform_data> on 2023-11-17 00:00:00+00:00
[2023-11-21T00:44:22.127+0000] {standard_task_runner.py:57} INFO - Started process 167 to run task
[2023-11-21T00:44:22.132+0000] {standard_task_runner.py:84} INFO - Running: ['***', 'tasks', 'run', 'shelter_data_dag', 'transform_data', 'scheduled__2023-11-17T00:00:00+00:00', '--job-id', '165', '--raw', '--subdir', 'DAGS_FOLDER/DAG.py', '--cfg-path', '/tmp/tmp5wnm7ei4']
[2023-11-21T00:44:22.136+0000] {standard_task_runner.py:85} INFO - Job 165: Subtask transform_data
[2023-11-21T00:44:22.365+0000] {task_command.py:416} INFO - Running <TaskInstance: shelter_data_dag.transform_data scheduled__2023-11-17T00:00:00+00:00 [running]> on host 51d09cf321f5
[2023-11-21T00:44:22.531+0000] {taskinstance.py:1662} INFO - Exporting env vars: AIRFLOW_CTX_DAG_OWNER='***' AIRFLOW_CTX_DAG_ID='shelter_data_dag' AIRFLOW_CTX_TASK_ID='transform_data' AIRFLOW_CTX_EXECUTION_DATE='2023-11-17T00:00:00+00:00' AIRFLOW_CTX_TRY_NUMBER='1' AIRFLOW_CTX_DAG_RUN_ID='scheduled__2023-11-17T00:00:00+00:00'
[2023-11-21T00:44:24.405+0000] {python.py:194} INFO - Done. Returned value was: None
[2023-11-21T00:44:24.449+0000] {taskinstance.py:1400} INFO - Marking task as SUCCESS. dag_id=shelter_data_dag, task_id=transform_data, execution_date=20231117T000000, start_date=20231121T004422, end_date=20231121T004424
[2023-11-21T00:44:24.518+0000] {local_task_job_runner.py:228} INFO - Task exited with return code 0
[2023-11-21T00:44:24.582+0000] {taskinstance.py:2778} INFO - 0 downstream tasks scheduled from follow-on schedule check
[2023-11-21T01:00:22.410+0000] {taskinstance.py:1159} INFO - Dependencies all met for dep_context=non-requeueable deps ti=<TaskInstance: shelter_data_dag.transform_data scheduled__2023-11-17T00:00:00+00:00 [queued]>
[2023-11-21T01:00:22.420+0000] {taskinstance.py:1159} INFO - Dependencies all met for dep_context=requeueable deps ti=<TaskInstance: shelter_data_dag.transform_data scheduled__2023-11-17T00:00:00+00:00 [queued]>
[2023-11-21T01:00:22.420+0000] {taskinstance.py:1361} INFO - Starting attempt 1 of 2
[2023-11-21T01:00:22.433+0000] {taskinstance.py:1382} INFO - Executing <Task(PythonOperator): transform_data> on 2023-11-17 00:00:00+00:00
[2023-11-21T01:00:22.457+0000] {standard_task_runner.py:57} INFO - Started process 178 to run task
[2023-11-21T01:00:22.475+0000] {standard_task_runner.py:84} INFO - Running: ['***', 'tasks', 'run', 'shelter_data_dag', 'transform_data', 'scheduled__2023-11-17T00:00:00+00:00', '--job-id', '224', '--raw', '--subdir', 'DAGS_FOLDER/DAG.py', '--cfg-path', '/tmp/tmp9hmqx1dc']
[2023-11-21T01:00:22.484+0000] {standard_task_runner.py:85} INFO - Job 224: Subtask transform_data
[2023-11-21T01:00:22.563+0000] {task_command.py:416} INFO - Running <TaskInstance: shelter_data_dag.transform_data scheduled__2023-11-17T00:00:00+00:00 [running]> on host e39dda9a9deb
[2023-11-21T01:00:22.644+0000] {taskinstance.py:1662} INFO - Exporting env vars: AIRFLOW_CTX_DAG_OWNER='***' AIRFLOW_CTX_DAG_ID='shelter_data_dag' AIRFLOW_CTX_TASK_ID='transform_data' AIRFLOW_CTX_EXECUTION_DATE='2023-11-17T00:00:00+00:00' AIRFLOW_CTX_TRY_NUMBER='1' AIRFLOW_CTX_DAG_RUN_ID='scheduled__2023-11-17T00:00:00+00:00'
[2023-11-21T01:00:24.193+0000] {python.py:194} INFO - Done. Returned value was: None
[2023-11-21T01:00:24.227+0000] {taskinstance.py:1400} INFO - Marking task as SUCCESS. dag_id=shelter_data_dag, task_id=transform_data, execution_date=20231117T000000, start_date=20231121T010022, end_date=20231121T010024
[2023-11-21T01:00:24.310+0000] {local_task_job_runner.py:228} INFO - Task exited with return code 0
[2023-11-21T01:00:24.389+0000] {taskinstance.py:2778} INFO - 1 downstream tasks scheduled from follow-on schedule check
