[2023-11-21T00:36:11.144+0000] {taskinstance.py:1159} INFO - Dependencies all met for dep_context=non-requeueable deps ti=<TaskInstance: shelter_data_dag.retrieve_data scheduled__2023-11-02T00:00:00+00:00 [queued]>
[2023-11-21T00:36:11.387+0000] {taskinstance.py:1159} INFO - Dependencies all met for dep_context=requeueable deps ti=<TaskInstance: shelter_data_dag.retrieve_data scheduled__2023-11-02T00:00:00+00:00 [queued]>
[2023-11-21T00:36:11.436+0000] {taskinstance.py:1361} INFO - Starting attempt 1 of 2
[2023-11-21T00:36:15.779+0000] {taskinstance.py:1382} INFO - Executing <Task(PythonOperator): retrieve_data> on 2023-11-02 00:00:00+00:00
[2023-11-21T00:36:15.914+0000] {standard_task_runner.py:57} INFO - Started process 87 to run task
[2023-11-21T00:36:16.094+0000] {standard_task_runner.py:84} INFO - Running: ['***', 'tasks', 'run', 'shelter_data_dag', 'retrieve_data', 'scheduled__2023-11-02T00:00:00+00:00', '--job-id', '91', '--raw', '--subdir', 'DAGS_FOLDER/DAG.py', '--cfg-path', '/tmp/tmpydj_ntsj']
[2023-11-21T00:36:16.209+0000] {standard_task_runner.py:85} INFO - Job 91: Subtask retrieve_data
[2023-11-21T00:36:28.856+0000] {task_command.py:416} INFO - Running <TaskInstance: shelter_data_dag.retrieve_data scheduled__2023-11-02T00:00:00+00:00 [running]> on host 610e9614f2ef
[2023-11-21T00:36:30.950+0000] {taskinstance.py:1662} INFO - Exporting env vars: AIRFLOW_CTX_DAG_OWNER='***' AIRFLOW_CTX_DAG_ID='shelter_data_dag' AIRFLOW_CTX_TASK_ID='retrieve_data' AIRFLOW_CTX_EXECUTION_DATE='2023-11-02T00:00:00+00:00' AIRFLOW_CTX_TRY_NUMBER='1' AIRFLOW_CTX_DAG_RUN_ID='scheduled__2023-11-02T00:00:00+00:00'
[2023-11-21T00:36:33.379+0000] {local_task_job_runner.py:228} INFO - Task exited with return code -9
[2023-11-21T00:43:09.558+0000] {taskinstance.py:1159} INFO - Dependencies all met for dep_context=non-requeueable deps ti=<TaskInstance: shelter_data_dag.retrieve_data scheduled__2023-11-02T00:00:00+00:00 [queued]>
[2023-11-21T00:43:09.747+0000] {taskinstance.py:1159} INFO - Dependencies all met for dep_context=requeueable deps ti=<TaskInstance: shelter_data_dag.retrieve_data scheduled__2023-11-02T00:00:00+00:00 [queued]>
[2023-11-21T00:43:09.772+0000] {taskinstance.py:1361} INFO - Starting attempt 1 of 2
[2023-11-21T00:43:09.936+0000] {taskinstance.py:1382} INFO - Executing <Task(PythonOperator): retrieve_data> on 2023-11-02 00:00:00+00:00
[2023-11-21T00:43:10.165+0000] {standard_task_runner.py:57} INFO - Started process 93 to run task
[2023-11-21T00:43:10.265+0000] {standard_task_runner.py:84} INFO - Running: ['***', 'tasks', 'run', 'shelter_data_dag', 'retrieve_data', 'scheduled__2023-11-02T00:00:00+00:00', '--job-id', '134', '--raw', '--subdir', 'DAGS_FOLDER/DAG.py', '--cfg-path', '/tmp/tmpxpqu0ucs']
[2023-11-21T00:43:10.381+0000] {standard_task_runner.py:85} INFO - Job 134: Subtask retrieve_data
[2023-11-21T00:59:04.136+0000] {taskinstance.py:1159} INFO - Dependencies all met for dep_context=non-requeueable deps ti=<TaskInstance: shelter_data_dag.retrieve_data scheduled__2023-11-02T00:00:00+00:00 [queued]>
[2023-11-21T00:59:04.295+0000] {taskinstance.py:1159} INFO - Dependencies all met for dep_context=requeueable deps ti=<TaskInstance: shelter_data_dag.retrieve_data scheduled__2023-11-02T00:00:00+00:00 [queued]>
[2023-11-21T00:59:04.325+0000] {taskinstance.py:1361} INFO - Starting attempt 1 of 2
[2023-11-21T00:59:04.531+0000] {taskinstance.py:1382} INFO - Executing <Task(PythonOperator): retrieve_data> on 2023-11-02 00:00:00+00:00
[2023-11-21T00:59:04.644+0000] {standard_task_runner.py:57} INFO - Started process 96 to run task
[2023-11-21T00:59:04.723+0000] {standard_task_runner.py:84} INFO - Running: ['***', 'tasks', 'run', 'shelter_data_dag', 'retrieve_data', 'scheduled__2023-11-02T00:00:00+00:00', '--job-id', '205', '--raw', '--subdir', 'DAGS_FOLDER/DAG.py', '--cfg-path', '/tmp/tmpqt_omtk6']
[2023-11-21T00:59:04.783+0000] {standard_task_runner.py:85} INFO - Job 205: Subtask retrieve_data
[2023-11-21T00:59:05.860+0000] {local_task_job_runner.py:228} INFO - Task exited with return code -9
