[2023-11-21T00:38:42.380+0000] {taskinstance.py:1159} INFO - Dependencies all met for dep_context=non-requeueable deps ti=<TaskInstance: shelter_data_dag.retrieve_data scheduled__2023-11-17T00:00:00+00:00 [queued]>
[2023-11-21T00:38:42.386+0000] {taskinstance.py:1159} INFO - Dependencies all met for dep_context=requeueable deps ti=<TaskInstance: shelter_data_dag.retrieve_data scheduled__2023-11-17T00:00:00+00:00 [queued]>
[2023-11-21T00:38:42.386+0000] {taskinstance.py:1361} INFO - Starting attempt 1 of 2
[2023-11-21T00:38:42.397+0000] {taskinstance.py:1382} INFO - Executing <Task(PythonOperator): retrieve_data> on 2023-11-17 00:00:00+00:00
[2023-11-21T00:38:42.402+0000] {standard_task_runner.py:57} INFO - Started process 71 to run task
[2023-11-21T00:38:42.414+0000] {standard_task_runner.py:84} INFO - Running: ['***', 'tasks', 'run', 'shelter_data_dag', 'retrieve_data', 'scheduled__2023-11-17T00:00:00+00:00', '--job-id', '112', '--raw', '--subdir', 'DAGS_FOLDER/DAG.py', '--cfg-path', '/tmp/tmpr2dlp8gd']
[2023-11-21T00:38:42.430+0000] {standard_task_runner.py:85} INFO - Job 112: Subtask retrieve_data
[2023-11-21T00:38:42.482+0000] {task_command.py:416} INFO - Running <TaskInstance: shelter_data_dag.retrieve_data scheduled__2023-11-17T00:00:00+00:00 [running]> on host c6d84631e1b9
[2023-11-21T00:38:42.706+0000] {taskinstance.py:1662} INFO - Exporting env vars: AIRFLOW_CTX_DAG_OWNER='***' AIRFLOW_CTX_DAG_ID='shelter_data_dag' AIRFLOW_CTX_TASK_ID='retrieve_data' AIRFLOW_CTX_EXECUTION_DATE='2023-11-17T00:00:00+00:00' AIRFLOW_CTX_TRY_NUMBER='1' AIRFLOW_CTX_DAG_RUN_ID='scheduled__2023-11-17T00:00:00+00:00'
[2023-11-21T00:38:46.503+0000] {etl.py:87} INFO - No new or updated data to upload. Creating an empty CSV with headers.
[2023-11-21T00:38:46.506+0000] {etl.py:91} INFO - Uploading data to 'raw_data'...
[2023-11-21T00:38:46.676+0000] {etl.py:98} INFO - Updating 'Old_Data' with current data...
[2023-11-21T00:38:47.824+0000] {python.py:194} INFO - Done. Returned value was: None
[2023-11-21T00:38:47.949+0000] {taskinstance.py:1400} INFO - Marking task as SUCCESS. dag_id=shelter_data_dag, task_id=retrieve_data, execution_date=20231117T000000, start_date=20231121T003842, end_date=20231121T003847
[2023-11-21T00:38:48.149+0000] {local_task_job_runner.py:228} INFO - Task exited with return code 0
[2023-11-21T00:38:48.192+0000] {taskinstance.py:2778} INFO - 1 downstream tasks scheduled from follow-on schedule check
[2023-11-21T00:44:14.447+0000] {taskinstance.py:1159} INFO - Dependencies all met for dep_context=non-requeueable deps ti=<TaskInstance: shelter_data_dag.retrieve_data scheduled__2023-11-17T00:00:00+00:00 [queued]>
[2023-11-21T00:44:14.457+0000] {taskinstance.py:1159} INFO - Dependencies all met for dep_context=requeueable deps ti=<TaskInstance: shelter_data_dag.retrieve_data scheduled__2023-11-17T00:00:00+00:00 [queued]>
[2023-11-21T00:44:14.458+0000] {taskinstance.py:1361} INFO - Starting attempt 1 of 2
[2023-11-21T00:44:14.477+0000] {taskinstance.py:1382} INFO - Executing <Task(PythonOperator): retrieve_data> on 2023-11-17 00:00:00+00:00
[2023-11-21T00:44:14.513+0000] {standard_task_runner.py:57} INFO - Started process 154 to run task
[2023-11-21T00:44:14.544+0000] {standard_task_runner.py:84} INFO - Running: ['***', 'tasks', 'run', 'shelter_data_dag', 'retrieve_data', 'scheduled__2023-11-17T00:00:00+00:00', '--job-id', '160', '--raw', '--subdir', 'DAGS_FOLDER/DAG.py', '--cfg-path', '/tmp/tmpz57dl_8y']
[2023-11-21T00:44:14.554+0000] {standard_task_runner.py:85} INFO - Job 160: Subtask retrieve_data
[2023-11-21T00:44:14.672+0000] {task_command.py:416} INFO - Running <TaskInstance: shelter_data_dag.retrieve_data scheduled__2023-11-17T00:00:00+00:00 [running]> on host 51d09cf321f5
[2023-11-21T00:44:14.946+0000] {taskinstance.py:1662} INFO - Exporting env vars: AIRFLOW_CTX_DAG_OWNER='***' AIRFLOW_CTX_DAG_ID='shelter_data_dag' AIRFLOW_CTX_TASK_ID='retrieve_data' AIRFLOW_CTX_EXECUTION_DATE='2023-11-17T00:00:00+00:00' AIRFLOW_CTX_TRY_NUMBER='1' AIRFLOW_CTX_DAG_RUN_ID='scheduled__2023-11-17T00:00:00+00:00'
[2023-11-21T00:44:17.644+0000] {etl.py:87} INFO - No new or updated data to upload. Creating an empty CSV with headers.
[2023-11-21T00:44:17.652+0000] {etl.py:91} INFO - Uploading data to 'raw_data'...
[2023-11-21T00:44:17.824+0000] {etl.py:98} INFO - Updating 'Old_Data' with current data...
[2023-11-21T00:44:18.425+0000] {python.py:194} INFO - Done. Returned value was: None
[2023-11-21T00:44:18.496+0000] {taskinstance.py:1400} INFO - Marking task as SUCCESS. dag_id=shelter_data_dag, task_id=retrieve_data, execution_date=20231117T000000, start_date=20231121T004414, end_date=20231121T004418
[2023-11-21T00:44:18.636+0000] {local_task_job_runner.py:228} INFO - Task exited with return code 0
[2023-11-21T00:44:18.749+0000] {taskinstance.py:2778} INFO - 1 downstream tasks scheduled from follow-on schedule check
[2023-11-21T01:00:12.608+0000] {taskinstance.py:1159} INFO - Dependencies all met for dep_context=non-requeueable deps ti=<TaskInstance: shelter_data_dag.retrieve_data scheduled__2023-11-17T00:00:00+00:00 [queued]>
[2023-11-21T01:00:12.623+0000] {taskinstance.py:1159} INFO - Dependencies all met for dep_context=requeueable deps ti=<TaskInstance: shelter_data_dag.retrieve_data scheduled__2023-11-17T00:00:00+00:00 [queued]>
[2023-11-21T01:00:12.632+0000] {taskinstance.py:1361} INFO - Starting attempt 1 of 2
[2023-11-21T01:00:12.673+0000] {taskinstance.py:1382} INFO - Executing <Task(PythonOperator): retrieve_data> on 2023-11-17 00:00:00+00:00
[2023-11-21T01:00:12.682+0000] {standard_task_runner.py:57} INFO - Started process 161 to run task
[2023-11-21T01:00:12.712+0000] {standard_task_runner.py:84} INFO - Running: ['***', 'tasks', 'run', 'shelter_data_dag', 'retrieve_data', 'scheduled__2023-11-17T00:00:00+00:00', '--job-id', '217', '--raw', '--subdir', 'DAGS_FOLDER/DAG.py', '--cfg-path', '/tmp/tmpxg1niav1']
[2023-11-21T01:00:12.749+0000] {standard_task_runner.py:85} INFO - Job 217: Subtask retrieve_data
[2023-11-21T01:00:12.896+0000] {task_command.py:416} INFO - Running <TaskInstance: shelter_data_dag.retrieve_data scheduled__2023-11-17T00:00:00+00:00 [running]> on host e39dda9a9deb
[2023-11-21T01:00:13.481+0000] {taskinstance.py:1662} INFO - Exporting env vars: AIRFLOW_CTX_DAG_OWNER='***' AIRFLOW_CTX_DAG_ID='shelter_data_dag' AIRFLOW_CTX_TASK_ID='retrieve_data' AIRFLOW_CTX_EXECUTION_DATE='2023-11-17T00:00:00+00:00' AIRFLOW_CTX_TRY_NUMBER='1' AIRFLOW_CTX_DAG_RUN_ID='scheduled__2023-11-17T00:00:00+00:00'
[2023-11-21T01:00:16.412+0000] {etl.py:87} INFO - No new or updated data to upload. Creating an empty CSV with headers.
[2023-11-21T01:00:16.414+0000] {etl.py:91} INFO - Uploading data to 'raw_data'...
[2023-11-21T01:00:17.717+0000] {etl.py:98} INFO - Updating 'Old_Data' with current data...
[2023-11-21T01:00:19.013+0000] {python.py:194} INFO - Done. Returned value was: None
[2023-11-21T01:00:19.040+0000] {taskinstance.py:1400} INFO - Marking task as SUCCESS. dag_id=shelter_data_dag, task_id=retrieve_data, execution_date=20231117T000000, start_date=20231121T010012, end_date=20231121T010019
[2023-11-21T01:00:19.127+0000] {local_task_job_runner.py:228} INFO - Task exited with return code 0
[2023-11-21T01:00:19.203+0000] {taskinstance.py:2778} INFO - 1 downstream tasks scheduled from follow-on schedule check
