[2023-11-21T00:39:05.848+0000] {taskinstance.py:1159} INFO - Dependencies all met for dep_context=non-requeueable deps ti=<TaskInstance: shelter_data_dag.transform_data scheduled__2023-11-19T00:00:00+00:00 [queued]>
[2023-11-21T00:39:05.853+0000] {taskinstance.py:1159} INFO - Dependencies all met for dep_context=requeueable deps ti=<TaskInstance: shelter_data_dag.transform_data scheduled__2023-11-19T00:00:00+00:00 [queued]>
[2023-11-21T00:39:05.853+0000] {taskinstance.py:1361} INFO - Starting attempt 1 of 2
[2023-11-21T00:39:05.859+0000] {taskinstance.py:1382} INFO - Executing <Task(PythonOperator): transform_data> on 2023-11-19 00:00:00+00:00
[2023-11-21T00:39:05.868+0000] {standard_task_runner.py:57} INFO - Started process 111 to run task
[2023-11-21T00:39:05.871+0000] {standard_task_runner.py:84} INFO - Running: ['***', 'tasks', 'run', 'shelter_data_dag', 'transform_data', 'scheduled__2023-11-19T00:00:00+00:00', '--job-id', '124', '--raw', '--subdir', 'DAGS_FOLDER/DAG.py', '--cfg-path', '/tmp/tmp4ihg_axu']
[2023-11-21T00:39:05.874+0000] {standard_task_runner.py:85} INFO - Job 124: Subtask transform_data
[2023-11-21T00:39:05.927+0000] {task_command.py:416} INFO - Running <TaskInstance: shelter_data_dag.transform_data scheduled__2023-11-19T00:00:00+00:00 [running]> on host c6d84631e1b9
[2023-11-21T00:39:05.970+0000] {taskinstance.py:1662} INFO - Exporting env vars: AIRFLOW_CTX_DAG_OWNER='***' AIRFLOW_CTX_DAG_ID='shelter_data_dag' AIRFLOW_CTX_TASK_ID='transform_data' AIRFLOW_CTX_EXECUTION_DATE='2023-11-19T00:00:00+00:00' AIRFLOW_CTX_TRY_NUMBER='1' AIRFLOW_CTX_DAG_RUN_ID='scheduled__2023-11-19T00:00:00+00:00'
[2023-11-21T00:39:07.518+0000] {python.py:194} INFO - Done. Returned value was: None
[2023-11-21T00:39:07.550+0000] {taskinstance.py:1400} INFO - Marking task as SUCCESS. dag_id=shelter_data_dag, task_id=transform_data, execution_date=20231119T000000, start_date=20231121T003905, end_date=20231121T003907
[2023-11-21T00:39:07.681+0000] {local_task_job_runner.py:228} INFO - Task exited with return code 0
[2023-11-21T00:39:07.742+0000] {taskinstance.py:2778} INFO - 1 downstream tasks scheduled from follow-on schedule check
[2023-11-21T00:44:22.116+0000] {taskinstance.py:1159} INFO - Dependencies all met for dep_context=non-requeueable deps ti=<TaskInstance: shelter_data_dag.transform_data scheduled__2023-11-19T00:00:00+00:00 [queued]>
[2023-11-21T00:44:22.135+0000] {taskinstance.py:1159} INFO - Dependencies all met for dep_context=requeueable deps ti=<TaskInstance: shelter_data_dag.transform_data scheduled__2023-11-19T00:00:00+00:00 [queued]>
[2023-11-21T00:44:22.135+0000] {taskinstance.py:1361} INFO - Starting attempt 1 of 2
[2023-11-21T00:44:22.188+0000] {taskinstance.py:1382} INFO - Executing <Task(PythonOperator): transform_data> on 2023-11-19 00:00:00+00:00
[2023-11-21T00:44:22.207+0000] {standard_task_runner.py:57} INFO - Started process 168 to run task
[2023-11-21T00:44:22.250+0000] {standard_task_runner.py:84} INFO - Running: ['***', 'tasks', 'run', 'shelter_data_dag', 'transform_data', 'scheduled__2023-11-19T00:00:00+00:00', '--job-id', '167', '--raw', '--subdir', 'DAGS_FOLDER/DAG.py', '--cfg-path', '/tmp/tmpi2laanxu']
[2023-11-21T00:44:22.285+0000] {standard_task_runner.py:85} INFO - Job 167: Subtask transform_data
[2023-11-21T00:44:22.465+0000] {task_command.py:416} INFO - Running <TaskInstance: shelter_data_dag.transform_data scheduled__2023-11-19T00:00:00+00:00 [running]> on host 51d09cf321f5
[2023-11-21T00:44:22.659+0000] {taskinstance.py:1662} INFO - Exporting env vars: AIRFLOW_CTX_DAG_OWNER='***' AIRFLOW_CTX_DAG_ID='shelter_data_dag' AIRFLOW_CTX_TASK_ID='transform_data' AIRFLOW_CTX_EXECUTION_DATE='2023-11-19T00:00:00+00:00' AIRFLOW_CTX_TRY_NUMBER='1' AIRFLOW_CTX_DAG_RUN_ID='scheduled__2023-11-19T00:00:00+00:00'
[2023-11-21T00:44:24.488+0000] {python.py:194} INFO - Done. Returned value was: None
[2023-11-21T00:44:24.523+0000] {taskinstance.py:1400} INFO - Marking task as SUCCESS. dag_id=shelter_data_dag, task_id=transform_data, execution_date=20231119T000000, start_date=20231121T004422, end_date=20231121T004424
[2023-11-21T00:44:24.686+0000] {local_task_job_runner.py:228} INFO - Task exited with return code 0
[2023-11-21T00:44:24.795+0000] {taskinstance.py:2778} INFO - 1 downstream tasks scheduled from follow-on schedule check
[2023-11-21T01:00:23.078+0000] {taskinstance.py:1159} INFO - Dependencies all met for dep_context=non-requeueable deps ti=<TaskInstance: shelter_data_dag.transform_data scheduled__2023-11-19T00:00:00+00:00 [queued]>
[2023-11-21T01:00:23.085+0000] {taskinstance.py:1159} INFO - Dependencies all met for dep_context=requeueable deps ti=<TaskInstance: shelter_data_dag.transform_data scheduled__2023-11-19T00:00:00+00:00 [queued]>
[2023-11-21T01:00:23.085+0000] {taskinstance.py:1361} INFO - Starting attempt 1 of 2
[2023-11-21T01:00:23.106+0000] {taskinstance.py:1382} INFO - Executing <Task(PythonOperator): transform_data> on 2023-11-19 00:00:00+00:00
[2023-11-21T01:00:23.114+0000] {standard_task_runner.py:57} INFO - Started process 179 to run task
[2023-11-21T01:00:23.128+0000] {standard_task_runner.py:84} INFO - Running: ['***', 'tasks', 'run', 'shelter_data_dag', 'transform_data', 'scheduled__2023-11-19T00:00:00+00:00', '--job-id', '225', '--raw', '--subdir', 'DAGS_FOLDER/DAG.py', '--cfg-path', '/tmp/tmp19cgi5pf']
[2023-11-21T01:00:23.136+0000] {standard_task_runner.py:85} INFO - Job 225: Subtask transform_data
[2023-11-21T01:00:23.203+0000] {task_command.py:416} INFO - Running <TaskInstance: shelter_data_dag.transform_data scheduled__2023-11-19T00:00:00+00:00 [running]> on host e39dda9a9deb
[2023-11-21T01:00:23.287+0000] {taskinstance.py:1662} INFO - Exporting env vars: AIRFLOW_CTX_DAG_OWNER='***' AIRFLOW_CTX_DAG_ID='shelter_data_dag' AIRFLOW_CTX_TASK_ID='transform_data' AIRFLOW_CTX_EXECUTION_DATE='2023-11-19T00:00:00+00:00' AIRFLOW_CTX_TRY_NUMBER='1' AIRFLOW_CTX_DAG_RUN_ID='scheduled__2023-11-19T00:00:00+00:00'
[2023-11-21T01:00:24.850+0000] {python.py:194} INFO - Done. Returned value was: None
[2023-11-21T01:00:24.897+0000] {taskinstance.py:1400} INFO - Marking task as SUCCESS. dag_id=shelter_data_dag, task_id=transform_data, execution_date=20231119T000000, start_date=20231121T010023, end_date=20231121T010024
[2023-11-21T01:00:24.980+0000] {local_task_job_runner.py:228} INFO - Task exited with return code 0
[2023-11-21T01:00:25.104+0000] {taskinstance.py:2778} INFO - 0 downstream tasks scheduled from follow-on schedule check
