[2023-11-21T00:38:59.448+0000] {taskinstance.py:1159} INFO - Dependencies all met for dep_context=non-requeueable deps ti=<TaskInstance: shelter_data_dag.retrieve_data scheduled__2023-11-19T00:00:00+00:00 [queued]>
[2023-11-21T00:38:59.454+0000] {taskinstance.py:1159} INFO - Dependencies all met for dep_context=requeueable deps ti=<TaskInstance: shelter_data_dag.retrieve_data scheduled__2023-11-19T00:00:00+00:00 [queued]>
[2023-11-21T00:38:59.454+0000] {taskinstance.py:1361} INFO - Starting attempt 1 of 2
[2023-11-21T00:38:59.465+0000] {taskinstance.py:1382} INFO - Executing <Task(PythonOperator): retrieve_data> on 2023-11-19 00:00:00+00:00
[2023-11-21T00:38:59.487+0000] {standard_task_runner.py:57} INFO - Started process 101 to run task
[2023-11-21T00:38:59.501+0000] {standard_task_runner.py:84} INFO - Running: ['***', 'tasks', 'run', 'shelter_data_dag', 'retrieve_data', 'scheduled__2023-11-19T00:00:00+00:00', '--job-id', '120', '--raw', '--subdir', 'DAGS_FOLDER/DAG.py', '--cfg-path', '/tmp/tmpb0zp9jh8']
[2023-11-21T00:38:59.507+0000] {standard_task_runner.py:85} INFO - Job 120: Subtask retrieve_data
[2023-11-21T00:38:59.582+0000] {task_command.py:416} INFO - Running <TaskInstance: shelter_data_dag.retrieve_data scheduled__2023-11-19T00:00:00+00:00 [running]> on host c6d84631e1b9
[2023-11-21T00:38:59.697+0000] {taskinstance.py:1662} INFO - Exporting env vars: AIRFLOW_CTX_DAG_OWNER='***' AIRFLOW_CTX_DAG_ID='shelter_data_dag' AIRFLOW_CTX_TASK_ID='retrieve_data' AIRFLOW_CTX_EXECUTION_DATE='2023-11-19T00:00:00+00:00' AIRFLOW_CTX_TRY_NUMBER='1' AIRFLOW_CTX_DAG_RUN_ID='scheduled__2023-11-19T00:00:00+00:00'
[2023-11-21T00:39:01.985+0000] {etl.py:87} INFO - No new or updated data to upload. Creating an empty CSV with headers.
[2023-11-21T00:39:01.988+0000] {etl.py:91} INFO - Uploading data to 'raw_data'...
[2023-11-21T00:39:02.147+0000] {etl.py:98} INFO - Updating 'Old_Data' with current data...
[2023-11-21T00:39:03.926+0000] {python.py:194} INFO - Done. Returned value was: None
[2023-11-21T00:39:03.956+0000] {taskinstance.py:1400} INFO - Marking task as SUCCESS. dag_id=shelter_data_dag, task_id=retrieve_data, execution_date=20231119T000000, start_date=20231121T003859, end_date=20231121T003903
[2023-11-21T00:39:04.007+0000] {local_task_job_runner.py:228} INFO - Task exited with return code 0
[2023-11-21T00:39:04.082+0000] {taskinstance.py:2778} INFO - 1 downstream tasks scheduled from follow-on schedule check
[2023-11-21T00:44:15.547+0000] {taskinstance.py:1159} INFO - Dependencies all met for dep_context=non-requeueable deps ti=<TaskInstance: shelter_data_dag.retrieve_data scheduled__2023-11-19T00:00:00+00:00 [queued]>
[2023-11-21T00:44:15.577+0000] {taskinstance.py:1159} INFO - Dependencies all met for dep_context=requeueable deps ti=<TaskInstance: shelter_data_dag.retrieve_data scheduled__2023-11-19T00:00:00+00:00 [queued]>
[2023-11-21T00:44:15.578+0000] {taskinstance.py:1361} INFO - Starting attempt 1 of 2
[2023-11-21T00:44:15.620+0000] {taskinstance.py:1382} INFO - Executing <Task(PythonOperator): retrieve_data> on 2023-11-19 00:00:00+00:00
[2023-11-21T00:44:15.634+0000] {standard_task_runner.py:57} INFO - Started process 156 to run task
[2023-11-21T00:44:15.679+0000] {standard_task_runner.py:84} INFO - Running: ['***', 'tasks', 'run', 'shelter_data_dag', 'retrieve_data', 'scheduled__2023-11-19T00:00:00+00:00', '--job-id', '161', '--raw', '--subdir', 'DAGS_FOLDER/DAG.py', '--cfg-path', '/tmp/tmphyog0iwf']
[2023-11-21T00:44:15.706+0000] {standard_task_runner.py:85} INFO - Job 161: Subtask retrieve_data
[2023-11-21T00:44:15.852+0000] {task_command.py:416} INFO - Running <TaskInstance: shelter_data_dag.retrieve_data scheduled__2023-11-19T00:00:00+00:00 [running]> on host 51d09cf321f5
[2023-11-21T00:44:16.065+0000] {taskinstance.py:1662} INFO - Exporting env vars: AIRFLOW_CTX_DAG_OWNER='***' AIRFLOW_CTX_DAG_ID='shelter_data_dag' AIRFLOW_CTX_TASK_ID='retrieve_data' AIRFLOW_CTX_EXECUTION_DATE='2023-11-19T00:00:00+00:00' AIRFLOW_CTX_TRY_NUMBER='1' AIRFLOW_CTX_DAG_RUN_ID='scheduled__2023-11-19T00:00:00+00:00'
[2023-11-21T00:44:17.934+0000] {etl.py:87} INFO - No new or updated data to upload. Creating an empty CSV with headers.
[2023-11-21T00:44:17.937+0000] {etl.py:91} INFO - Uploading data to 'raw_data'...
[2023-11-21T00:44:18.107+0000] {etl.py:98} INFO - Updating 'Old_Data' with current data...
[2023-11-21T00:44:18.628+0000] {python.py:194} INFO - Done. Returned value was: None
[2023-11-21T00:44:18.659+0000] {taskinstance.py:1400} INFO - Marking task as SUCCESS. dag_id=shelter_data_dag, task_id=retrieve_data, execution_date=20231119T000000, start_date=20231121T004415, end_date=20231121T004418
[2023-11-21T00:44:18.759+0000] {local_task_job_runner.py:228} INFO - Task exited with return code 0
[2023-11-21T00:44:18.826+0000] {taskinstance.py:2778} INFO - 1 downstream tasks scheduled from follow-on schedule check
[2023-11-21T01:00:13.977+0000] {taskinstance.py:1159} INFO - Dependencies all met for dep_context=non-requeueable deps ti=<TaskInstance: shelter_data_dag.retrieve_data scheduled__2023-11-19T00:00:00+00:00 [queued]>
[2023-11-21T01:00:14.144+0000] {taskinstance.py:1159} INFO - Dependencies all met for dep_context=requeueable deps ti=<TaskInstance: shelter_data_dag.retrieve_data scheduled__2023-11-19T00:00:00+00:00 [queued]>
[2023-11-21T01:00:14.153+0000] {taskinstance.py:1361} INFO - Starting attempt 1 of 2
[2023-11-21T01:00:14.241+0000] {taskinstance.py:1382} INFO - Executing <Task(PythonOperator): retrieve_data> on 2023-11-19 00:00:00+00:00
[2023-11-21T01:00:14.256+0000] {standard_task_runner.py:57} INFO - Started process 163 to run task
[2023-11-21T01:00:14.287+0000] {standard_task_runner.py:84} INFO - Running: ['***', 'tasks', 'run', 'shelter_data_dag', 'retrieve_data', 'scheduled__2023-11-19T00:00:00+00:00', '--job-id', '219', '--raw', '--subdir', 'DAGS_FOLDER/DAG.py', '--cfg-path', '/tmp/tmpomh1o9b8']
[2023-11-21T01:00:14.317+0000] {standard_task_runner.py:85} INFO - Job 219: Subtask retrieve_data
[2023-11-21T01:00:14.662+0000] {task_command.py:416} INFO - Running <TaskInstance: shelter_data_dag.retrieve_data scheduled__2023-11-19T00:00:00+00:00 [running]> on host e39dda9a9deb
[2023-11-21T01:00:14.892+0000] {taskinstance.py:1662} INFO - Exporting env vars: AIRFLOW_CTX_DAG_OWNER='***' AIRFLOW_CTX_DAG_ID='shelter_data_dag' AIRFLOW_CTX_TASK_ID='retrieve_data' AIRFLOW_CTX_EXECUTION_DATE='2023-11-19T00:00:00+00:00' AIRFLOW_CTX_TRY_NUMBER='1' AIRFLOW_CTX_DAG_RUN_ID='scheduled__2023-11-19T00:00:00+00:00'
[2023-11-21T01:00:16.861+0000] {etl.py:87} INFO - No new or updated data to upload. Creating an empty CSV with headers.
[2023-11-21T01:00:16.865+0000] {etl.py:91} INFO - Uploading data to 'raw_data'...
[2023-11-21T01:00:17.045+0000] {etl.py:98} INFO - Updating 'Old_Data' with current data...
[2023-11-21T01:00:20.648+0000] {python.py:194} INFO - Done. Returned value was: None
[2023-11-21T01:00:20.721+0000] {taskinstance.py:1400} INFO - Marking task as SUCCESS. dag_id=shelter_data_dag, task_id=retrieve_data, execution_date=20231119T000000, start_date=20231121T010014, end_date=20231121T010020
[2023-11-21T01:00:20.835+0000] {local_task_job_runner.py:228} INFO - Task exited with return code 0
[2023-11-21T01:00:20.925+0000] {taskinstance.py:2778} INFO - 1 downstream tasks scheduled from follow-on schedule check
