[2023-11-21T00:49:19.670+0000] {taskinstance.py:1159} INFO - Dependencies all met for dep_context=non-requeueable deps ti=<TaskInstance: shelter_data_dag.retrieve_data scheduled__2023-11-14T00:00:00+00:00 [queued]>
[2023-11-21T00:49:19.733+0000] {taskinstance.py:1159} INFO - Dependencies all met for dep_context=requeueable deps ti=<TaskInstance: shelter_data_dag.retrieve_data scheduled__2023-11-14T00:00:00+00:00 [queued]>
[2023-11-21T00:49:19.739+0000] {taskinstance.py:1361} INFO - Starting attempt 2 of 2
[2023-11-21T00:49:19.917+0000] {taskinstance.py:1382} INFO - Executing <Task(PythonOperator): retrieve_data> on 2023-11-14 00:00:00+00:00
[2023-11-21T00:49:20.103+0000] {standard_task_runner.py:57} INFO - Started process 276 to run task
[2023-11-21T00:49:20.122+0000] {standard_task_runner.py:84} INFO - Running: ['***', 'tasks', 'run', 'shelter_data_dag', 'retrieve_data', 'scheduled__2023-11-14T00:00:00+00:00', '--job-id', '175', '--raw', '--subdir', 'DAGS_FOLDER/DAG.py', '--cfg-path', '/tmp/tmpkrtps8ok']
[2023-11-21T00:49:20.175+0000] {standard_task_runner.py:85} INFO - Job 175: Subtask retrieve_data
[2023-11-21T00:49:20.883+0000] {task_command.py:416} INFO - Running <TaskInstance: shelter_data_dag.retrieve_data scheduled__2023-11-14T00:00:00+00:00 [running]> on host 51d09cf321f5
[2023-11-21T00:49:21.163+0000] {taskinstance.py:1662} INFO - Exporting env vars: AIRFLOW_CTX_DAG_OWNER='***' AIRFLOW_CTX_DAG_ID='shelter_data_dag' AIRFLOW_CTX_TASK_ID='retrieve_data' AIRFLOW_CTX_EXECUTION_DATE='2023-11-14T00:00:00+00:00' AIRFLOW_CTX_TRY_NUMBER='2' AIRFLOW_CTX_DAG_RUN_ID='scheduled__2023-11-14T00:00:00+00:00'
[2023-11-21T00:49:24.213+0000] {etl.py:87} INFO - No new or updated data to upload. Creating an empty CSV with headers.
[2023-11-21T00:49:24.218+0000] {etl.py:91} INFO - Uploading data to 'raw_data'...
[2023-11-21T00:49:24.396+0000] {etl.py:98} INFO - Updating 'Old_Data' with current data...
[2023-11-21T00:49:24.931+0000] {python.py:194} INFO - Done. Returned value was: None
[2023-11-21T00:49:24.980+0000] {taskinstance.py:1400} INFO - Marking task as SUCCESS. dag_id=shelter_data_dag, task_id=retrieve_data, execution_date=20231114T000000, start_date=20231121T004919, end_date=20231121T004924
[2023-11-21T00:49:25.045+0000] {local_task_job_runner.py:228} INFO - Task exited with return code 0
[2023-11-21T00:49:25.097+0000] {taskinstance.py:2778} INFO - 1 downstream tasks scheduled from follow-on schedule check
[2023-11-21T01:09:19.269+0000] {taskinstance.py:1159} INFO - Dependencies all met for dep_context=non-requeueable deps ti=<TaskInstance: shelter_data_dag.retrieve_data scheduled__2023-11-14T00:00:00+00:00 [queued]>
[2023-11-21T01:09:19.284+0000] {taskinstance.py:1159} INFO - Dependencies all met for dep_context=requeueable deps ti=<TaskInstance: shelter_data_dag.retrieve_data scheduled__2023-11-14T00:00:00+00:00 [queued]>
[2023-11-21T01:09:19.284+0000] {taskinstance.py:1361} INFO - Starting attempt 2 of 2
[2023-11-21T01:09:19.291+0000] {taskinstance.py:1382} INFO - Executing <Task(PythonOperator): retrieve_data> on 2023-11-14 00:00:00+00:00
[2023-11-21T01:09:19.297+0000] {standard_task_runner.py:57} INFO - Started process 419 to run task
[2023-11-21T01:09:19.300+0000] {standard_task_runner.py:84} INFO - Running: ['***', 'tasks', 'run', 'shelter_data_dag', 'retrieve_data', 'scheduled__2023-11-14T00:00:00+00:00', '--job-id', '260', '--raw', '--subdir', 'DAGS_FOLDER/DAG.py', '--cfg-path', '/tmp/tmpkqj6_4v1']
[2023-11-21T01:09:19.303+0000] {standard_task_runner.py:85} INFO - Job 260: Subtask retrieve_data
[2023-11-21T01:09:19.336+0000] {task_command.py:416} INFO - Running <TaskInstance: shelter_data_dag.retrieve_data scheduled__2023-11-14T00:00:00+00:00 [running]> on host e39dda9a9deb
[2023-11-21T01:09:19.404+0000] {taskinstance.py:1662} INFO - Exporting env vars: AIRFLOW_CTX_DAG_OWNER='***' AIRFLOW_CTX_DAG_ID='shelter_data_dag' AIRFLOW_CTX_TASK_ID='retrieve_data' AIRFLOW_CTX_EXECUTION_DATE='2023-11-14T00:00:00+00:00' AIRFLOW_CTX_TRY_NUMBER='2' AIRFLOW_CTX_DAG_RUN_ID='scheduled__2023-11-14T00:00:00+00:00'
[2023-11-21T01:09:21.642+0000] {etl.py:87} INFO - No new or updated data to upload. Creating an empty CSV with headers.
[2023-11-21T01:09:21.646+0000] {etl.py:91} INFO - Uploading data to 'raw_data'...
[2023-11-21T01:09:21.823+0000] {etl.py:98} INFO - Updating 'Old_Data' with current data...
[2023-11-21T01:09:22.958+0000] {python.py:194} INFO - Done. Returned value was: None
[2023-11-21T01:09:23.006+0000] {taskinstance.py:1400} INFO - Marking task as SUCCESS. dag_id=shelter_data_dag, task_id=retrieve_data, execution_date=20231114T000000, start_date=20231121T010919, end_date=20231121T010923
[2023-11-21T01:09:23.051+0000] {local_task_job_runner.py:228} INFO - Task exited with return code 0
[2023-11-21T01:09:23.095+0000] {taskinstance.py:2778} INFO - 1 downstream tasks scheduled from follow-on schedule check
