[2023-11-21T00:44:03.355+0000] {taskinstance.py:1159} INFO - Dependencies all met for dep_context=non-requeueable deps ti=<TaskInstance: shelter_data_dag.retrieve_data scheduled__2023-11-16T00:00:00+00:00 [queued]>
[2023-11-21T00:44:03.360+0000] {taskinstance.py:1159} INFO - Dependencies all met for dep_context=requeueable deps ti=<TaskInstance: shelter_data_dag.retrieve_data scheduled__2023-11-16T00:00:00+00:00 [queued]>
[2023-11-21T00:44:03.360+0000] {taskinstance.py:1361} INFO - Starting attempt 1 of 2
[2023-11-21T00:44:03.367+0000] {taskinstance.py:1382} INFO - Executing <Task(PythonOperator): retrieve_data> on 2023-11-16 00:00:00+00:00
[2023-11-21T00:44:03.386+0000] {standard_task_runner.py:57} INFO - Started process 139 to run task
[2023-11-21T00:44:03.392+0000] {standard_task_runner.py:84} INFO - Running: ['***', 'tasks', 'run', 'shelter_data_dag', 'retrieve_data', 'scheduled__2023-11-16T00:00:00+00:00', '--job-id', '157', '--raw', '--subdir', 'DAGS_FOLDER/DAG.py', '--cfg-path', '/tmp/tmpkjoj_e3r']
[2023-11-21T00:44:03.398+0000] {standard_task_runner.py:85} INFO - Job 157: Subtask retrieve_data
[2023-11-21T00:44:03.475+0000] {task_command.py:416} INFO - Running <TaskInstance: shelter_data_dag.retrieve_data scheduled__2023-11-16T00:00:00+00:00 [running]> on host 51d09cf321f5
[2023-11-21T00:44:03.551+0000] {taskinstance.py:1662} INFO - Exporting env vars: AIRFLOW_CTX_DAG_OWNER='***' AIRFLOW_CTX_DAG_ID='shelter_data_dag' AIRFLOW_CTX_TASK_ID='retrieve_data' AIRFLOW_CTX_EXECUTION_DATE='2023-11-16T00:00:00+00:00' AIRFLOW_CTX_TRY_NUMBER='1' AIRFLOW_CTX_DAG_RUN_ID='scheduled__2023-11-16T00:00:00+00:00'
[2023-11-21T00:44:05.722+0000] {etl.py:87} INFO - No new or updated data to upload. Creating an empty CSV with headers.
[2023-11-21T00:44:05.725+0000] {etl.py:91} INFO - Uploading data to 'raw_data'...
[2023-11-21T00:44:05.905+0000] {etl.py:98} INFO - Updating 'Old_Data' with current data...
[2023-11-21T00:44:07.017+0000] {python.py:194} INFO - Done. Returned value was: None
[2023-11-21T00:44:07.043+0000] {taskinstance.py:1400} INFO - Marking task as SUCCESS. dag_id=shelter_data_dag, task_id=retrieve_data, execution_date=20231116T000000, start_date=20231121T004403, end_date=20231121T004407
[2023-11-21T00:44:07.121+0000] {local_task_job_runner.py:228} INFO - Task exited with return code 0
[2023-11-21T00:44:07.155+0000] {taskinstance.py:2778} INFO - 1 downstream tasks scheduled from follow-on schedule check
[2023-11-21T01:00:12.535+0000] {taskinstance.py:1159} INFO - Dependencies all met for dep_context=non-requeueable deps ti=<TaskInstance: shelter_data_dag.retrieve_data scheduled__2023-11-16T00:00:00+00:00 [queued]>
[2023-11-21T01:00:12.572+0000] {taskinstance.py:1159} INFO - Dependencies all met for dep_context=requeueable deps ti=<TaskInstance: shelter_data_dag.retrieve_data scheduled__2023-11-16T00:00:00+00:00 [queued]>
[2023-11-21T01:00:12.572+0000] {taskinstance.py:1361} INFO - Starting attempt 1 of 2
[2023-11-21T01:00:12.597+0000] {taskinstance.py:1382} INFO - Executing <Task(PythonOperator): retrieve_data> on 2023-11-16 00:00:00+00:00
[2023-11-21T01:00:12.618+0000] {standard_task_runner.py:57} INFO - Started process 160 to run task
[2023-11-21T01:00:12.659+0000] {standard_task_runner.py:84} INFO - Running: ['***', 'tasks', 'run', 'shelter_data_dag', 'retrieve_data', 'scheduled__2023-11-16T00:00:00+00:00', '--job-id', '216', '--raw', '--subdir', 'DAGS_FOLDER/DAG.py', '--cfg-path', '/tmp/tmpxilw3ksu']
[2023-11-21T01:00:12.666+0000] {standard_task_runner.py:85} INFO - Job 216: Subtask retrieve_data
[2023-11-21T01:00:12.765+0000] {task_command.py:416} INFO - Running <TaskInstance: shelter_data_dag.retrieve_data scheduled__2023-11-16T00:00:00+00:00 [running]> on host e39dda9a9deb
[2023-11-21T01:00:13.066+0000] {taskinstance.py:1662} INFO - Exporting env vars: AIRFLOW_CTX_DAG_OWNER='***' AIRFLOW_CTX_DAG_ID='shelter_data_dag' AIRFLOW_CTX_TASK_ID='retrieve_data' AIRFLOW_CTX_EXECUTION_DATE='2023-11-16T00:00:00+00:00' AIRFLOW_CTX_TRY_NUMBER='1' AIRFLOW_CTX_DAG_RUN_ID='scheduled__2023-11-16T00:00:00+00:00'
[2023-11-21T01:00:16.411+0000] {etl.py:87} INFO - No new or updated data to upload. Creating an empty CSV with headers.
[2023-11-21T01:00:16.414+0000] {etl.py:91} INFO - Uploading data to 'raw_data'...
[2023-11-21T01:00:16.594+0000] {etl.py:98} INFO - Updating 'Old_Data' with current data...
[2023-11-21T01:00:17.714+0000] {python.py:194} INFO - Done. Returned value was: None
[2023-11-21T01:00:17.771+0000] {taskinstance.py:1400} INFO - Marking task as SUCCESS. dag_id=shelter_data_dag, task_id=retrieve_data, execution_date=20231116T000000, start_date=20231121T010012, end_date=20231121T010017
[2023-11-21T01:00:17.807+0000] {local_task_job_runner.py:228} INFO - Task exited with return code 0
[2023-11-21T01:00:17.835+0000] {taskinstance.py:2778} INFO - 1 downstream tasks scheduled from follow-on schedule check
