[2023-11-21T00:39:04.552+0000] {taskinstance.py:1159} INFO - Dependencies all met for dep_context=non-requeueable deps ti=<TaskInstance: shelter_data_dag.transform_data scheduled__2023-11-18T00:00:00+00:00 [queued]>
[2023-11-21T00:39:04.558+0000] {taskinstance.py:1159} INFO - Dependencies all met for dep_context=requeueable deps ti=<TaskInstance: shelter_data_dag.transform_data scheduled__2023-11-18T00:00:00+00:00 [queued]>
[2023-11-21T00:39:04.558+0000] {taskinstance.py:1361} INFO - Starting attempt 1 of 2
[2023-11-21T00:39:04.565+0000] {taskinstance.py:1382} INFO - Executing <Task(PythonOperator): transform_data> on 2023-11-18 00:00:00+00:00
[2023-11-21T00:39:04.575+0000] {standard_task_runner.py:57} INFO - Started process 107 to run task
[2023-11-21T00:39:04.579+0000] {standard_task_runner.py:84} INFO - Running: ['***', 'tasks', 'run', 'shelter_data_dag', 'transform_data', 'scheduled__2023-11-18T00:00:00+00:00', '--job-id', '122', '--raw', '--subdir', 'DAGS_FOLDER/DAG.py', '--cfg-path', '/tmp/tmp8x9yo9lh']
[2023-11-21T00:39:04.582+0000] {standard_task_runner.py:85} INFO - Job 122: Subtask transform_data
[2023-11-21T00:39:04.647+0000] {task_command.py:416} INFO - Running <TaskInstance: shelter_data_dag.transform_data scheduled__2023-11-18T00:00:00+00:00 [running]> on host c6d84631e1b9
[2023-11-21T00:39:04.703+0000] {taskinstance.py:1662} INFO - Exporting env vars: AIRFLOW_CTX_DAG_OWNER='***' AIRFLOW_CTX_DAG_ID='shelter_data_dag' AIRFLOW_CTX_TASK_ID='transform_data' AIRFLOW_CTX_EXECUTION_DATE='2023-11-18T00:00:00+00:00' AIRFLOW_CTX_TRY_NUMBER='1' AIRFLOW_CTX_DAG_RUN_ID='scheduled__2023-11-18T00:00:00+00:00'
[2023-11-21T00:39:06.337+0000] {python.py:194} INFO - Done. Returned value was: None
[2023-11-21T00:39:06.372+0000] {taskinstance.py:1400} INFO - Marking task as SUCCESS. dag_id=shelter_data_dag, task_id=transform_data, execution_date=20231118T000000, start_date=20231121T003904, end_date=20231121T003906
[2023-11-21T00:39:06.412+0000] {local_task_job_runner.py:228} INFO - Task exited with return code 0
[2023-11-21T00:39:06.456+0000] {taskinstance.py:2778} INFO - 1 downstream tasks scheduled from follow-on schedule check
[2023-11-21T00:44:21.962+0000] {taskinstance.py:1159} INFO - Dependencies all met for dep_context=non-requeueable deps ti=<TaskInstance: shelter_data_dag.transform_data scheduled__2023-11-18T00:00:00+00:00 [queued]>
[2023-11-21T00:44:21.997+0000] {taskinstance.py:1159} INFO - Dependencies all met for dep_context=requeueable deps ti=<TaskInstance: shelter_data_dag.transform_data scheduled__2023-11-18T00:00:00+00:00 [queued]>
[2023-11-21T00:44:22.003+0000] {taskinstance.py:1361} INFO - Starting attempt 1 of 2
[2023-11-21T00:44:22.048+0000] {taskinstance.py:1382} INFO - Executing <Task(PythonOperator): transform_data> on 2023-11-18 00:00:00+00:00
[2023-11-21T00:44:22.063+0000] {standard_task_runner.py:57} INFO - Started process 166 to run task
[2023-11-21T00:44:22.075+0000] {standard_task_runner.py:84} INFO - Running: ['***', 'tasks', 'run', 'shelter_data_dag', 'transform_data', 'scheduled__2023-11-18T00:00:00+00:00', '--job-id', '164', '--raw', '--subdir', 'DAGS_FOLDER/DAG.py', '--cfg-path', '/tmp/tmphqw61512']
[2023-11-21T00:44:22.088+0000] {standard_task_runner.py:85} INFO - Job 164: Subtask transform_data
[2023-11-21T00:44:22.294+0000] {task_command.py:416} INFO - Running <TaskInstance: shelter_data_dag.transform_data scheduled__2023-11-18T00:00:00+00:00 [running]> on host 51d09cf321f5
[2023-11-21T00:44:22.534+0000] {taskinstance.py:1662} INFO - Exporting env vars: AIRFLOW_CTX_DAG_OWNER='***' AIRFLOW_CTX_DAG_ID='shelter_data_dag' AIRFLOW_CTX_TASK_ID='transform_data' AIRFLOW_CTX_EXECUTION_DATE='2023-11-18T00:00:00+00:00' AIRFLOW_CTX_TRY_NUMBER='1' AIRFLOW_CTX_DAG_RUN_ID='scheduled__2023-11-18T00:00:00+00:00'
[2023-11-21T00:44:24.389+0000] {python.py:194} INFO - Done. Returned value was: None
[2023-11-21T00:44:24.427+0000] {taskinstance.py:1400} INFO - Marking task as SUCCESS. dag_id=shelter_data_dag, task_id=transform_data, execution_date=20231118T000000, start_date=20231121T004421, end_date=20231121T004424
[2023-11-21T00:44:24.505+0000] {local_task_job_runner.py:228} INFO - Task exited with return code 0
[2023-11-21T00:44:24.583+0000] {taskinstance.py:2778} INFO - 0 downstream tasks scheduled from follow-on schedule check
[2023-11-21T01:00:20.587+0000] {taskinstance.py:1159} INFO - Dependencies all met for dep_context=non-requeueable deps ti=<TaskInstance: shelter_data_dag.transform_data scheduled__2023-11-18T00:00:00+00:00 [queued]>
[2023-11-21T01:00:20.638+0000] {taskinstance.py:1159} INFO - Dependencies all met for dep_context=requeueable deps ti=<TaskInstance: shelter_data_dag.transform_data scheduled__2023-11-18T00:00:00+00:00 [queued]>
[2023-11-21T01:00:20.642+0000] {taskinstance.py:1361} INFO - Starting attempt 1 of 2
[2023-11-21T01:00:20.738+0000] {taskinstance.py:1382} INFO - Executing <Task(PythonOperator): transform_data> on 2023-11-18 00:00:00+00:00
[2023-11-21T01:00:20.757+0000] {standard_task_runner.py:57} INFO - Started process 174 to run task
[2023-11-21T01:00:20.781+0000] {standard_task_runner.py:84} INFO - Running: ['***', 'tasks', 'run', 'shelter_data_dag', 'transform_data', 'scheduled__2023-11-18T00:00:00+00:00', '--job-id', '223', '--raw', '--subdir', 'DAGS_FOLDER/DAG.py', '--cfg-path', '/tmp/tmppx43tf_k']
[2023-11-21T01:00:20.790+0000] {standard_task_runner.py:85} INFO - Job 223: Subtask transform_data
[2023-11-21T01:00:20.944+0000] {task_command.py:416} INFO - Running <TaskInstance: shelter_data_dag.transform_data scheduled__2023-11-18T00:00:00+00:00 [running]> on host e39dda9a9deb
[2023-11-21T01:00:21.217+0000] {taskinstance.py:1662} INFO - Exporting env vars: AIRFLOW_CTX_DAG_OWNER='***' AIRFLOW_CTX_DAG_ID='shelter_data_dag' AIRFLOW_CTX_TASK_ID='transform_data' AIRFLOW_CTX_EXECUTION_DATE='2023-11-18T00:00:00+00:00' AIRFLOW_CTX_TRY_NUMBER='1' AIRFLOW_CTX_DAG_RUN_ID='scheduled__2023-11-18T00:00:00+00:00'
[2023-11-21T01:00:22.996+0000] {python.py:194} INFO - Done. Returned value was: None
[2023-11-21T01:00:23.066+0000] {taskinstance.py:1400} INFO - Marking task as SUCCESS. dag_id=shelter_data_dag, task_id=transform_data, execution_date=20231118T000000, start_date=20231121T010020, end_date=20231121T010023
[2023-11-21T01:00:23.114+0000] {local_task_job_runner.py:228} INFO - Task exited with return code 0
[2023-11-21T01:00:23.172+0000] {taskinstance.py:2778} INFO - 1 downstream tasks scheduled from follow-on schedule check
