[2023-11-21T00:53:19.770+0000] {taskinstance.py:1159} INFO - Dependencies all met for dep_context=non-requeueable deps ti=<TaskInstance: shelter_data_dag.transform_data scheduled__2023-11-06T00:00:00+00:00 [queued]>
[2023-11-21T00:53:19.775+0000] {taskinstance.py:1159} INFO - Dependencies all met for dep_context=requeueable deps ti=<TaskInstance: shelter_data_dag.transform_data scheduled__2023-11-06T00:00:00+00:00 [queued]>
[2023-11-21T00:53:19.775+0000] {taskinstance.py:1361} INFO - Starting attempt 1 of 2
[2023-11-21T00:53:19.784+0000] {taskinstance.py:1382} INFO - Executing <Task(PythonOperator): transform_data> on 2023-11-06 00:00:00+00:00
[2023-11-21T00:53:19.802+0000] {standard_task_runner.py:57} INFO - Started process 371 to run task
[2023-11-21T00:53:19.806+0000] {standard_task_runner.py:84} INFO - Running: ['***', 'tasks', 'run', 'shelter_data_dag', 'transform_data', 'scheduled__2023-11-06T00:00:00+00:00', '--job-id', '187', '--raw', '--subdir', 'DAGS_FOLDER/DAG.py', '--cfg-path', '/tmp/tmpg1pghzvk']
[2023-11-21T00:53:19.809+0000] {standard_task_runner.py:85} INFO - Job 187: Subtask transform_data
[2023-11-21T00:53:19.864+0000] {task_command.py:416} INFO - Running <TaskInstance: shelter_data_dag.transform_data scheduled__2023-11-06T00:00:00+00:00 [running]> on host 51d09cf321f5
[2023-11-21T00:53:19.943+0000] {taskinstance.py:1662} INFO - Exporting env vars: AIRFLOW_CTX_DAG_OWNER='***' AIRFLOW_CTX_DAG_ID='shelter_data_dag' AIRFLOW_CTX_TASK_ID='transform_data' AIRFLOW_CTX_EXECUTION_DATE='2023-11-06T00:00:00+00:00' AIRFLOW_CTX_TRY_NUMBER='1' AIRFLOW_CTX_DAG_RUN_ID='scheduled__2023-11-06T00:00:00+00:00'
[2023-11-21T00:53:21.813+0000] {python.py:194} INFO - Done. Returned value was: None
[2023-11-21T00:53:21.834+0000] {taskinstance.py:1400} INFO - Marking task as SUCCESS. dag_id=shelter_data_dag, task_id=transform_data, execution_date=20231106T000000, start_date=20231121T005319, end_date=20231121T005321
[2023-11-21T00:53:21.894+0000] {local_task_job_runner.py:228} INFO - Task exited with return code 0
[2023-11-21T00:53:21.929+0000] {taskinstance.py:2778} INFO - 1 downstream tasks scheduled from follow-on schedule check
[2023-11-21T00:59:45.294+0000] {taskinstance.py:1159} INFO - Dependencies all met for dep_context=non-requeueable deps ti=<TaskInstance: shelter_data_dag.transform_data scheduled__2023-11-06T00:00:00+00:00 [queued]>
[2023-11-21T00:59:45.319+0000] {taskinstance.py:1159} INFO - Dependencies all met for dep_context=requeueable deps ti=<TaskInstance: shelter_data_dag.transform_data scheduled__2023-11-06T00:00:00+00:00 [queued]>
[2023-11-21T00:59:45.322+0000] {taskinstance.py:1361} INFO - Starting attempt 1 of 2
[2023-11-21T00:59:45.367+0000] {taskinstance.py:1382} INFO - Executing <Task(PythonOperator): transform_data> on 2023-11-06 00:00:00+00:00
[2023-11-21T00:59:45.425+0000] {standard_task_runner.py:57} INFO - Started process 121 to run task
[2023-11-21T00:59:45.517+0000] {standard_task_runner.py:84} INFO - Running: ['***', 'tasks', 'run', 'shelter_data_dag', 'transform_data', 'scheduled__2023-11-06T00:00:00+00:00', '--job-id', '206', '--raw', '--subdir', 'DAGS_FOLDER/DAG.py', '--cfg-path', '/tmp/tmph8h6_5_5']
[2023-11-21T00:59:45.577+0000] {standard_task_runner.py:85} INFO - Job 206: Subtask transform_data
[2023-11-21T00:59:45.812+0000] {task_command.py:416} INFO - Running <TaskInstance: shelter_data_dag.transform_data scheduled__2023-11-06T00:00:00+00:00 [running]> on host e39dda9a9deb
[2023-11-21T00:59:46.010+0000] {taskinstance.py:1662} INFO - Exporting env vars: AIRFLOW_CTX_DAG_OWNER='***' AIRFLOW_CTX_DAG_ID='shelter_data_dag' AIRFLOW_CTX_TASK_ID='transform_data' AIRFLOW_CTX_EXECUTION_DATE='2023-11-06T00:00:00+00:00' AIRFLOW_CTX_TRY_NUMBER='1' AIRFLOW_CTX_DAG_RUN_ID='scheduled__2023-11-06T00:00:00+00:00'
[2023-11-21T00:59:50.841+0000] {python.py:194} INFO - Done. Returned value was: None
[2023-11-21T00:59:50.875+0000] {taskinstance.py:1400} INFO - Marking task as SUCCESS. dag_id=shelter_data_dag, task_id=transform_data, execution_date=20231106T000000, start_date=20231121T005945, end_date=20231121T005950
[2023-11-21T00:59:50.924+0000] {local_task_job_runner.py:228} INFO - Task exited with return code 0
[2023-11-21T00:59:50.980+0000] {taskinstance.py:2778} INFO - 0 downstream tasks scheduled from follow-on schedule check
