[2023-11-21T00:38:42.372+0000] {taskinstance.py:1159} INFO - Dependencies all met for dep_context=non-requeueable deps ti=<TaskInstance: shelter_data_dag.load_data scheduled__2023-11-07T00:00:00+00:00 [queued]>
[2023-11-21T00:38:42.380+0000] {taskinstance.py:1159} INFO - Dependencies all met for dep_context=requeueable deps ti=<TaskInstance: shelter_data_dag.load_data scheduled__2023-11-07T00:00:00+00:00 [queued]>
[2023-11-21T00:38:42.380+0000] {taskinstance.py:1361} INFO - Starting attempt 1 of 2
[2023-11-21T00:38:42.390+0000] {taskinstance.py:1382} INFO - Executing <Task(PythonOperator): load_data> on 2023-11-07 00:00:00+00:00
[2023-11-21T00:38:42.403+0000] {standard_task_runner.py:57} INFO - Started process 72 to run task
[2023-11-21T00:38:42.408+0000] {standard_task_runner.py:84} INFO - Running: ['***', 'tasks', 'run', 'shelter_data_dag', 'load_data', 'scheduled__2023-11-07T00:00:00+00:00', '--job-id', '113', '--raw', '--subdir', 'DAGS_FOLDER/DAG.py', '--cfg-path', '/tmp/tmpnm9i_e9c']
[2023-11-21T00:38:42.414+0000] {standard_task_runner.py:85} INFO - Job 113: Subtask load_data
[2023-11-21T00:38:42.483+0000] {task_command.py:416} INFO - Running <TaskInstance: shelter_data_dag.load_data scheduled__2023-11-07T00:00:00+00:00 [running]> on host c6d84631e1b9
[2023-11-21T00:38:42.706+0000] {taskinstance.py:1662} INFO - Exporting env vars: AIRFLOW_CTX_DAG_OWNER='***' AIRFLOW_CTX_DAG_ID='shelter_data_dag' AIRFLOW_CTX_TASK_ID='load_data' AIRFLOW_CTX_EXECUTION_DATE='2023-11-07T00:00:00+00:00' AIRFLOW_CTX_TRY_NUMBER='1' AIRFLOW_CTX_DAG_RUN_ID='scheduled__2023-11-07T00:00:00+00:00'
[2023-11-21T00:38:47.433+0000] {python.py:194} INFO - Done. Returned value was: None
[2023-11-21T00:38:47.549+0000] {taskinstance.py:1400} INFO - Marking task as SUCCESS. dag_id=shelter_data_dag, task_id=load_data, execution_date=20231107T000000, start_date=20231121T003842, end_date=20231121T003847
[2023-11-21T00:38:47.689+0000] {local_task_job_runner.py:228} INFO - Task exited with return code 0
[2023-11-21T00:38:47.717+0000] {taskinstance.py:2778} INFO - 0 downstream tasks scheduled from follow-on schedule check
[2023-11-21T00:43:57.723+0000] {taskinstance.py:1159} INFO - Dependencies all met for dep_context=non-requeueable deps ti=<TaskInstance: shelter_data_dag.load_data scheduled__2023-11-07T00:00:00+00:00 [queued]>
[2023-11-21T00:43:57.738+0000] {taskinstance.py:1159} INFO - Dependencies all met for dep_context=requeueable deps ti=<TaskInstance: shelter_data_dag.load_data scheduled__2023-11-07T00:00:00+00:00 [queued]>
[2023-11-21T00:43:57.739+0000] {taskinstance.py:1361} INFO - Starting attempt 1 of 2
[2023-11-21T00:43:57.751+0000] {taskinstance.py:1382} INFO - Executing <Task(PythonOperator): load_data> on 2023-11-07 00:00:00+00:00
[2023-11-21T00:43:57.758+0000] {standard_task_runner.py:57} INFO - Started process 134 to run task
[2023-11-21T00:43:57.782+0000] {standard_task_runner.py:84} INFO - Running: ['***', 'tasks', 'run', 'shelter_data_dag', 'load_data', 'scheduled__2023-11-07T00:00:00+00:00', '--job-id', '156', '--raw', '--subdir', 'DAGS_FOLDER/DAG.py', '--cfg-path', '/tmp/tmp82sl1mza']
[2023-11-21T00:43:57.803+0000] {standard_task_runner.py:85} INFO - Job 156: Subtask load_data
[2023-11-21T00:43:57.900+0000] {task_command.py:416} INFO - Running <TaskInstance: shelter_data_dag.load_data scheduled__2023-11-07T00:00:00+00:00 [running]> on host 51d09cf321f5
[2023-11-21T00:43:58.012+0000] {taskinstance.py:1662} INFO - Exporting env vars: AIRFLOW_CTX_DAG_OWNER='***' AIRFLOW_CTX_DAG_ID='shelter_data_dag' AIRFLOW_CTX_TASK_ID='load_data' AIRFLOW_CTX_EXECUTION_DATE='2023-11-07T00:00:00+00:00' AIRFLOW_CTX_TRY_NUMBER='1' AIRFLOW_CTX_DAG_RUN_ID='scheduled__2023-11-07T00:00:00+00:00'
[2023-11-21T00:44:01.639+0000] {python.py:194} INFO - Done. Returned value was: None
[2023-11-21T00:44:01.677+0000] {taskinstance.py:1400} INFO - Marking task as SUCCESS. dag_id=shelter_data_dag, task_id=load_data, execution_date=20231107T000000, start_date=20231121T004357, end_date=20231121T004401
[2023-11-21T00:44:01.778+0000] {local_task_job_runner.py:228} INFO - Task exited with return code 0
[2023-11-21T00:44:01.848+0000] {taskinstance.py:2778} INFO - 0 downstream tasks scheduled from follow-on schedule check
[2023-11-21T01:04:59.114+0000] {taskinstance.py:1159} INFO - Dependencies all met for dep_context=non-requeueable deps ti=<TaskInstance: shelter_data_dag.load_data scheduled__2023-11-07T00:00:00+00:00 [queued]>
[2023-11-21T01:04:59.118+0000] {taskinstance.py:1159} INFO - Dependencies all met for dep_context=requeueable deps ti=<TaskInstance: shelter_data_dag.load_data scheduled__2023-11-07T00:00:00+00:00 [queued]>
[2023-11-21T01:04:59.118+0000] {taskinstance.py:1361} INFO - Starting attempt 1 of 2
[2023-11-21T01:04:59.124+0000] {taskinstance.py:1382} INFO - Executing <Task(PythonOperator): load_data> on 2023-11-07 00:00:00+00:00
[2023-11-21T01:04:59.129+0000] {standard_task_runner.py:57} INFO - Started process 331 to run task
[2023-11-21T01:04:59.132+0000] {standard_task_runner.py:84} INFO - Running: ['***', 'tasks', 'run', 'shelter_data_dag', 'load_data', 'scheduled__2023-11-07T00:00:00+00:00', '--job-id', '252', '--raw', '--subdir', 'DAGS_FOLDER/DAG.py', '--cfg-path', '/tmp/tmpczjpa8mk']
[2023-11-21T01:04:59.135+0000] {standard_task_runner.py:85} INFO - Job 252: Subtask load_data
[2023-11-21T01:04:59.167+0000] {task_command.py:416} INFO - Running <TaskInstance: shelter_data_dag.load_data scheduled__2023-11-07T00:00:00+00:00 [running]> on host e39dda9a9deb
[2023-11-21T01:04:59.214+0000] {taskinstance.py:1662} INFO - Exporting env vars: AIRFLOW_CTX_DAG_OWNER='***' AIRFLOW_CTX_DAG_ID='shelter_data_dag' AIRFLOW_CTX_TASK_ID='load_data' AIRFLOW_CTX_EXECUTION_DATE='2023-11-07T00:00:00+00:00' AIRFLOW_CTX_TRY_NUMBER='1' AIRFLOW_CTX_DAG_RUN_ID='scheduled__2023-11-07T00:00:00+00:00'
[2023-11-21T01:05:02.428+0000] {python.py:194} INFO - Done. Returned value was: None
[2023-11-21T01:05:02.443+0000] {taskinstance.py:1400} INFO - Marking task as SUCCESS. dag_id=shelter_data_dag, task_id=load_data, execution_date=20231107T000000, start_date=20231121T010459, end_date=20231121T010502
[2023-11-21T01:05:02.520+0000] {local_task_job_runner.py:228} INFO - Task exited with return code 0
[2023-11-21T01:05:02.556+0000] {taskinstance.py:2778} INFO - 0 downstream tasks scheduled from follow-on schedule check
