[2023-11-21T00:39:04.579+0000] {taskinstance.py:1159} INFO - Dependencies all met for dep_context=non-requeueable deps ti=<TaskInstance: shelter_data_dag.transform_data scheduled__2023-11-20T00:00:00+00:00 [queued]>
[2023-11-21T00:39:04.583+0000] {taskinstance.py:1159} INFO - Dependencies all met for dep_context=requeueable deps ti=<TaskInstance: shelter_data_dag.transform_data scheduled__2023-11-20T00:00:00+00:00 [queued]>
[2023-11-21T00:39:04.584+0000] {taskinstance.py:1361} INFO - Starting attempt 1 of 2
[2023-11-21T00:39:04.591+0000] {taskinstance.py:1382} INFO - Executing <Task(PythonOperator): transform_data> on 2023-11-20 00:00:00+00:00
[2023-11-21T00:39:04.603+0000] {standard_task_runner.py:57} INFO - Started process 108 to run task
[2023-11-21T00:39:04.614+0000] {standard_task_runner.py:84} INFO - Running: ['***', 'tasks', 'run', 'shelter_data_dag', 'transform_data', 'scheduled__2023-11-20T00:00:00+00:00', '--job-id', '123', '--raw', '--subdir', 'DAGS_FOLDER/DAG.py', '--cfg-path', '/tmp/tmpo97423rn']
[2023-11-21T00:39:04.618+0000] {standard_task_runner.py:85} INFO - Job 123: Subtask transform_data
[2023-11-21T00:39:04.668+0000] {task_command.py:416} INFO - Running <TaskInstance: shelter_data_dag.transform_data scheduled__2023-11-20T00:00:00+00:00 [running]> on host c6d84631e1b9
[2023-11-21T00:39:04.722+0000] {taskinstance.py:1662} INFO - Exporting env vars: AIRFLOW_CTX_DAG_OWNER='***' AIRFLOW_CTX_DAG_ID='shelter_data_dag' AIRFLOW_CTX_TASK_ID='transform_data' AIRFLOW_CTX_EXECUTION_DATE='2023-11-20T00:00:00+00:00' AIRFLOW_CTX_TRY_NUMBER='1' AIRFLOW_CTX_DAG_RUN_ID='scheduled__2023-11-20T00:00:00+00:00'
[2023-11-21T00:39:06.330+0000] {python.py:194} INFO - Done. Returned value was: None
[2023-11-21T00:39:06.371+0000] {taskinstance.py:1400} INFO - Marking task as SUCCESS. dag_id=shelter_data_dag, task_id=transform_data, execution_date=20231120T000000, start_date=20231121T003904, end_date=20231121T003906
[2023-11-21T00:39:06.409+0000] {local_task_job_runner.py:228} INFO - Task exited with return code 0
[2023-11-21T00:39:06.453+0000] {taskinstance.py:2778} INFO - 1 downstream tasks scheduled from follow-on schedule check
[2023-11-21T00:44:22.670+0000] {taskinstance.py:1159} INFO - Dependencies all met for dep_context=non-requeueable deps ti=<TaskInstance: shelter_data_dag.transform_data scheduled__2023-11-20T00:00:00+00:00 [queued]>
[2023-11-21T00:44:22.746+0000] {taskinstance.py:1159} INFO - Dependencies all met for dep_context=requeueable deps ti=<TaskInstance: shelter_data_dag.transform_data scheduled__2023-11-20T00:00:00+00:00 [queued]>
[2023-11-21T00:44:22.751+0000] {taskinstance.py:1361} INFO - Starting attempt 1 of 2
[2023-11-21T00:44:22.820+0000] {taskinstance.py:1382} INFO - Executing <Task(PythonOperator): transform_data> on 2023-11-20 00:00:00+00:00
[2023-11-21T00:44:22.847+0000] {standard_task_runner.py:57} INFO - Started process 169 to run task
[2023-11-21T00:44:22.872+0000] {standard_task_runner.py:84} INFO - Running: ['***', 'tasks', 'run', 'shelter_data_dag', 'transform_data', 'scheduled__2023-11-20T00:00:00+00:00', '--job-id', '166', '--raw', '--subdir', 'DAGS_FOLDER/DAG.py', '--cfg-path', '/tmp/tmp27b8z9v1']
[2023-11-21T00:44:22.880+0000] {standard_task_runner.py:85} INFO - Job 166: Subtask transform_data
[2023-11-21T00:44:22.988+0000] {task_command.py:416} INFO - Running <TaskInstance: shelter_data_dag.transform_data scheduled__2023-11-20T00:00:00+00:00 [running]> on host 51d09cf321f5
[2023-11-21T00:44:23.062+0000] {taskinstance.py:1662} INFO - Exporting env vars: AIRFLOW_CTX_DAG_OWNER='***' AIRFLOW_CTX_DAG_ID='shelter_data_dag' AIRFLOW_CTX_TASK_ID='transform_data' AIRFLOW_CTX_EXECUTION_DATE='2023-11-20T00:00:00+00:00' AIRFLOW_CTX_TRY_NUMBER='1' AIRFLOW_CTX_DAG_RUN_ID='scheduled__2023-11-20T00:00:00+00:00'
[2023-11-21T00:44:24.579+0000] {python.py:194} INFO - Done. Returned value was: None
[2023-11-21T00:44:24.657+0000] {taskinstance.py:1400} INFO - Marking task as SUCCESS. dag_id=shelter_data_dag, task_id=transform_data, execution_date=20231120T000000, start_date=20231121T004422, end_date=20231121T004424
[2023-11-21T00:44:24.765+0000] {local_task_job_runner.py:228} INFO - Task exited with return code 0
[2023-11-21T00:44:24.831+0000] {taskinstance.py:2778} INFO - 1 downstream tasks scheduled from follow-on schedule check
[2023-11-21T01:00:20.419+0000] {taskinstance.py:1159} INFO - Dependencies all met for dep_context=non-requeueable deps ti=<TaskInstance: shelter_data_dag.transform_data scheduled__2023-11-20T00:00:00+00:00 [queued]>
[2023-11-21T01:00:20.445+0000] {taskinstance.py:1159} INFO - Dependencies all met for dep_context=requeueable deps ti=<TaskInstance: shelter_data_dag.transform_data scheduled__2023-11-20T00:00:00+00:00 [queued]>
[2023-11-21T01:00:20.446+0000] {taskinstance.py:1361} INFO - Starting attempt 1 of 2
[2023-11-21T01:00:20.476+0000] {taskinstance.py:1382} INFO - Executing <Task(PythonOperator): transform_data> on 2023-11-20 00:00:00+00:00
[2023-11-21T01:00:20.558+0000] {standard_task_runner.py:57} INFO - Started process 173 to run task
[2023-11-21T01:00:20.588+0000] {standard_task_runner.py:84} INFO - Running: ['***', 'tasks', 'run', 'shelter_data_dag', 'transform_data', 'scheduled__2023-11-20T00:00:00+00:00', '--job-id', '222', '--raw', '--subdir', 'DAGS_FOLDER/DAG.py', '--cfg-path', '/tmp/tmphvz7korp']
[2023-11-21T01:00:20.616+0000] {standard_task_runner.py:85} INFO - Job 222: Subtask transform_data
[2023-11-21T01:00:20.845+0000] {task_command.py:416} INFO - Running <TaskInstance: shelter_data_dag.transform_data scheduled__2023-11-20T00:00:00+00:00 [running]> on host e39dda9a9deb
[2023-11-21T01:00:21.046+0000] {taskinstance.py:1662} INFO - Exporting env vars: AIRFLOW_CTX_DAG_OWNER='***' AIRFLOW_CTX_DAG_ID='shelter_data_dag' AIRFLOW_CTX_TASK_ID='transform_data' AIRFLOW_CTX_EXECUTION_DATE='2023-11-20T00:00:00+00:00' AIRFLOW_CTX_TRY_NUMBER='1' AIRFLOW_CTX_DAG_RUN_ID='scheduled__2023-11-20T00:00:00+00:00'
[2023-11-21T01:00:22.896+0000] {python.py:194} INFO - Done. Returned value was: None
[2023-11-21T01:00:22.939+0000] {taskinstance.py:1400} INFO - Marking task as SUCCESS. dag_id=shelter_data_dag, task_id=transform_data, execution_date=20231120T000000, start_date=20231121T010020, end_date=20231121T010022
[2023-11-21T01:00:22.996+0000] {local_task_job_runner.py:228} INFO - Task exited with return code 0
[2023-11-21T01:00:23.075+0000] {taskinstance.py:2778} INFO - 1 downstream tasks scheduled from follow-on schedule check
