[2023-11-21T00:43:38.342+0000] {taskinstance.py:1159} INFO - Dependencies all met for dep_context=non-requeueable deps ti=<TaskInstance: shelter_data_dag.retrieve_data scheduled__2023-11-03T00:00:00+00:00 [queued]>
[2023-11-21T00:43:38.436+0000] {taskinstance.py:1159} INFO - Dependencies all met for dep_context=requeueable deps ti=<TaskInstance: shelter_data_dag.retrieve_data scheduled__2023-11-03T00:00:00+00:00 [queued]>
[2023-11-21T00:43:38.440+0000] {taskinstance.py:1361} INFO - Starting attempt 1 of 2
[2023-11-21T00:43:38.532+0000] {taskinstance.py:1382} INFO - Executing <Task(PythonOperator): retrieve_data> on 2023-11-03 00:00:00+00:00
[2023-11-21T00:43:38.555+0000] {standard_task_runner.py:57} INFO - Started process 98 to run task
[2023-11-21T00:43:38.701+0000] {standard_task_runner.py:84} INFO - Running: ['***', 'tasks', 'run', 'shelter_data_dag', 'retrieve_data', 'scheduled__2023-11-03T00:00:00+00:00', '--job-id', '145', '--raw', '--subdir', 'DAGS_FOLDER/DAG.py', '--cfg-path', '/tmp/tmpjs7ixdnr']
[2023-11-21T00:43:38.865+0000] {standard_task_runner.py:85} INFO - Job 145: Subtask retrieve_data
[2023-11-21T00:43:39.378+0000] {task_command.py:416} INFO - Running <TaskInstance: shelter_data_dag.retrieve_data scheduled__2023-11-03T00:00:00+00:00 [running]> on host 51d09cf321f5
[2023-11-21T00:43:39.696+0000] {taskinstance.py:1662} INFO - Exporting env vars: AIRFLOW_CTX_DAG_OWNER='***' AIRFLOW_CTX_DAG_ID='shelter_data_dag' AIRFLOW_CTX_TASK_ID='retrieve_data' AIRFLOW_CTX_EXECUTION_DATE='2023-11-03T00:00:00+00:00' AIRFLOW_CTX_TRY_NUMBER='1' AIRFLOW_CTX_DAG_RUN_ID='scheduled__2023-11-03T00:00:00+00:00'
[2023-11-21T00:43:42.434+0000] {etl.py:87} INFO - No new or updated data to upload. Creating an empty CSV with headers.
[2023-11-21T00:43:42.438+0000] {etl.py:91} INFO - Uploading data to 'raw_data'...
[2023-11-21T00:43:42.641+0000] {etl.py:98} INFO - Updating 'Old_Data' with current data...
[2023-11-21T00:43:43.890+0000] {python.py:194} INFO - Done. Returned value was: None
[2023-11-21T00:43:43.940+0000] {taskinstance.py:1400} INFO - Marking task as SUCCESS. dag_id=shelter_data_dag, task_id=retrieve_data, execution_date=20231103T000000, start_date=20231121T004338, end_date=20231121T004343
[2023-11-21T00:43:44.017+0000] {local_task_job_runner.py:228} INFO - Task exited with return code 0
[2023-11-21T00:43:44.088+0000] {taskinstance.py:2778} INFO - 1 downstream tasks scheduled from follow-on schedule check
[2023-11-21T00:59:18.936+0000] {taskinstance.py:1159} INFO - Dependencies all met for dep_context=non-requeueable deps ti=<TaskInstance: shelter_data_dag.retrieve_data scheduled__2023-11-03T00:00:00+00:00 [queued]>
[2023-11-21T00:59:19.158+0000] {taskinstance.py:1159} INFO - Dependencies all met for dep_context=requeueable deps ti=<TaskInstance: shelter_data_dag.retrieve_data scheduled__2023-11-03T00:00:00+00:00 [queued]>
[2023-11-21T00:59:19.218+0000] {taskinstance.py:1361} INFO - Starting attempt 1 of 2
[2023-11-21T00:59:20.461+0000] {taskinstance.py:1382} INFO - Executing <Task(PythonOperator): retrieve_data> on 2023-11-03 00:00:00+00:00
[2023-11-21T00:59:20.491+0000] {standard_task_runner.py:57} INFO - Started process 110 to run task
[2023-11-21T00:59:20.565+0000] {standard_task_runner.py:84} INFO - Running: ['***', 'tasks', 'run', 'shelter_data_dag', 'retrieve_data', 'scheduled__2023-11-03T00:00:00+00:00', '--job-id', '204', '--raw', '--subdir', 'DAGS_FOLDER/DAG.py', '--cfg-path', '/tmp/tmpm0_4zf7q']
[2023-11-21T00:59:20.768+0000] {standard_task_runner.py:85} INFO - Job 204: Subtask retrieve_data
[2023-11-21T00:59:26.344+0000] {task_command.py:416} INFO - Running <TaskInstance: shelter_data_dag.retrieve_data scheduled__2023-11-03T00:00:00+00:00 [running]> on host e39dda9a9deb
[2023-11-21T00:59:26.778+0000] {taskinstance.py:1662} INFO - Exporting env vars: AIRFLOW_CTX_DAG_OWNER='***' AIRFLOW_CTX_DAG_ID='shelter_data_dag' AIRFLOW_CTX_TASK_ID='retrieve_data' AIRFLOW_CTX_EXECUTION_DATE='2023-11-03T00:00:00+00:00' AIRFLOW_CTX_TRY_NUMBER='1' AIRFLOW_CTX_DAG_RUN_ID='scheduled__2023-11-03T00:00:00+00:00'
[2023-11-21T00:59:39.711+0000] {etl.py:91} INFO - Uploading data to 'raw_data'...
[2023-11-21T00:59:40.807+0000] {etl.py:98} INFO - Updating 'Old_Data' with current data...
[2023-11-21T00:59:41.501+0000] {python.py:194} INFO - Done. Returned value was: None
[2023-11-21T00:59:41.546+0000] {taskinstance.py:1400} INFO - Marking task as SUCCESS. dag_id=shelter_data_dag, task_id=retrieve_data, execution_date=20231103T000000, start_date=20231121T005918, end_date=20231121T005941
[2023-11-21T00:59:41.630+0000] {local_task_job_runner.py:228} INFO - Task exited with return code 0
[2023-11-21T00:59:41.735+0000] {taskinstance.py:2778} INFO - 1 downstream tasks scheduled from follow-on schedule check
