[2023-11-21T00:36:59.299+0000] {taskinstance.py:1159} INFO - Dependencies all met for dep_context=non-requeueable deps ti=<TaskInstance: shelter_data_dag.retrieve_data scheduled__2023-11-11T00:00:00+00:00 [queued]>
[2023-11-21T00:36:59.664+0000] {taskinstance.py:1159} INFO - Dependencies all met for dep_context=requeueable deps ti=<TaskInstance: shelter_data_dag.retrieve_data scheduled__2023-11-11T00:00:00+00:00 [queued]>
[2023-11-21T00:36:59.693+0000] {taskinstance.py:1361} INFO - Starting attempt 1 of 2
[2023-11-21T00:36:59.858+0000] {taskinstance.py:1382} INFO - Executing <Task(PythonOperator): retrieve_data> on 2023-11-11 00:00:00+00:00
[2023-11-21T00:36:59.936+0000] {standard_task_runner.py:57} INFO - Started process 100 to run task
[2023-11-21T00:37:01.788+0000] {standard_task_runner.py:84} INFO - Running: ['***', 'tasks', 'run', 'shelter_data_dag', 'retrieve_data', 'scheduled__2023-11-11T00:00:00+00:00', '--job-id', '96', '--raw', '--subdir', 'DAGS_FOLDER/DAG.py', '--cfg-path', '/tmp/tmpmgnym2zk']
[2023-11-21T00:37:02.481+0000] {standard_task_runner.py:85} INFO - Job 96: Subtask retrieve_data
[2023-11-21T00:37:04.404+0000] {task_command.py:416} INFO - Running <TaskInstance: shelter_data_dag.retrieve_data scheduled__2023-11-11T00:00:00+00:00 [running]> on host 610e9614f2ef
[2023-11-21T00:37:09.163+0000] {taskinstance.py:1662} INFO - Exporting env vars: AIRFLOW_CTX_DAG_OWNER='***' AIRFLOW_CTX_DAG_ID='shelter_data_dag' AIRFLOW_CTX_TASK_ID='retrieve_data' AIRFLOW_CTX_EXECUTION_DATE='2023-11-11T00:00:00+00:00' AIRFLOW_CTX_TRY_NUMBER='1' AIRFLOW_CTX_DAG_RUN_ID='scheduled__2023-11-11T00:00:00+00:00'
[2023-11-21T00:37:16.295+0000] {etl.py:87} INFO - No new or updated data to upload. Creating an empty CSV with headers.
[2023-11-21T00:37:16.302+0000] {etl.py:91} INFO - Uploading data to 'raw_data'...
[2023-11-21T00:37:16.497+0000] {etl.py:98} INFO - Updating 'Old_Data' with current data...
[2023-11-21T00:37:17.715+0000] {python.py:194} INFO - Done. Returned value was: None
[2023-11-21T00:37:17.781+0000] {taskinstance.py:1400} INFO - Marking task as SUCCESS. dag_id=shelter_data_dag, task_id=retrieve_data, execution_date=20231111T000000, start_date=20231121T003659, end_date=20231121T003717
[2023-11-21T00:37:17.875+0000] {local_task_job_runner.py:228} INFO - Task exited with return code 0
[2023-11-21T00:37:17.937+0000] {taskinstance.py:2778} INFO - 1 downstream tasks scheduled from follow-on schedule check
[2023-11-21T00:59:07.621+0000] {taskinstance.py:1159} INFO - Dependencies all met for dep_context=non-requeueable deps ti=<TaskInstance: shelter_data_dag.retrieve_data scheduled__2023-11-11T00:00:00+00:00 [queued]>
[2023-11-21T00:59:07.686+0000] {taskinstance.py:1159} INFO - Dependencies all met for dep_context=requeueable deps ti=<TaskInstance: shelter_data_dag.retrieve_data scheduled__2023-11-11T00:00:00+00:00 [queued]>
[2023-11-21T00:59:07.687+0000] {taskinstance.py:1361} INFO - Starting attempt 1 of 2
[2023-11-21T00:59:07.863+0000] {taskinstance.py:1382} INFO - Executing <Task(PythonOperator): retrieve_data> on 2023-11-11 00:00:00+00:00
[2023-11-21T00:59:08.039+0000] {standard_task_runner.py:57} INFO - Started process 97 to run task
[2023-11-21T00:59:08.155+0000] {standard_task_runner.py:84} INFO - Running: ['***', 'tasks', 'run', 'shelter_data_dag', 'retrieve_data', 'scheduled__2023-11-11T00:00:00+00:00', '--job-id', '193', '--raw', '--subdir', 'DAGS_FOLDER/DAG.py', '--cfg-path', '/tmp/tmps1gdtndj']
[2023-11-21T00:59:08.261+0000] {standard_task_runner.py:85} INFO - Job 193: Subtask retrieve_data
[2023-11-21T00:59:09.492+0000] {task_command.py:416} INFO - Running <TaskInstance: shelter_data_dag.retrieve_data scheduled__2023-11-11T00:00:00+00:00 [running]> on host e39dda9a9deb
[2023-11-21T00:59:19.102+0000] {taskinstance.py:1662} INFO - Exporting env vars: AIRFLOW_CTX_DAG_OWNER='***' AIRFLOW_CTX_DAG_ID='shelter_data_dag' AIRFLOW_CTX_TASK_ID='retrieve_data' AIRFLOW_CTX_EXECUTION_DATE='2023-11-11T00:00:00+00:00' AIRFLOW_CTX_TRY_NUMBER='1' AIRFLOW_CTX_DAG_RUN_ID='scheduled__2023-11-11T00:00:00+00:00'
[2023-11-21T00:59:22.899+0000] {local_task_job_runner.py:228} INFO - Task exited with return code -9
[2023-11-21T00:59:25.904+0000] {taskinstance.py:2778} INFO - 0 downstream tasks scheduled from follow-on schedule check
