[2023-11-21T00:37:03.172+0000] {taskinstance.py:1159} INFO - Dependencies all met for dep_context=non-requeueable deps ti=<TaskInstance: shelter_data_dag.retrieve_data scheduled__2023-11-09T00:00:00+00:00 [queued]>
[2023-11-21T00:37:03.709+0000] {taskinstance.py:1159} INFO - Dependencies all met for dep_context=requeueable deps ti=<TaskInstance: shelter_data_dag.retrieve_data scheduled__2023-11-09T00:00:00+00:00 [queued]>
[2023-11-21T00:37:03.715+0000] {taskinstance.py:1361} INFO - Starting attempt 1 of 2
[2023-11-21T00:37:03.866+0000] {taskinstance.py:1382} INFO - Executing <Task(PythonOperator): retrieve_data> on 2023-11-09 00:00:00+00:00
[2023-11-21T00:37:04.010+0000] {standard_task_runner.py:57} INFO - Started process 104 to run task
[2023-11-21T00:37:04.119+0000] {standard_task_runner.py:84} INFO - Running: ['***', 'tasks', 'run', 'shelter_data_dag', 'retrieve_data', 'scheduled__2023-11-09T00:00:00+00:00', '--job-id', '99', '--raw', '--subdir', 'DAGS_FOLDER/DAG.py', '--cfg-path', '/tmp/tmp_jwvnj5k']
[2023-11-21T00:37:04.312+0000] {standard_task_runner.py:85} INFO - Job 99: Subtask retrieve_data
[2023-11-21T00:37:04.820+0000] {task_command.py:416} INFO - Running <TaskInstance: shelter_data_dag.retrieve_data scheduled__2023-11-09T00:00:00+00:00 [running]> on host 610e9614f2ef
[2023-11-21T00:37:11.669+0000] {taskinstance.py:1662} INFO - Exporting env vars: AIRFLOW_CTX_DAG_OWNER='***' AIRFLOW_CTX_DAG_ID='shelter_data_dag' AIRFLOW_CTX_TASK_ID='retrieve_data' AIRFLOW_CTX_EXECUTION_DATE='2023-11-09T00:00:00+00:00' AIRFLOW_CTX_TRY_NUMBER='1' AIRFLOW_CTX_DAG_RUN_ID='scheduled__2023-11-09T00:00:00+00:00'
[2023-11-21T00:37:16.443+0000] {etl.py:87} INFO - No new or updated data to upload. Creating an empty CSV with headers.
[2023-11-21T00:37:16.470+0000] {etl.py:91} INFO - Uploading data to 'raw_data'...
[2023-11-21T00:37:16.713+0000] {etl.py:98} INFO - Updating 'Old_Data' with current data...
[2023-11-21T00:37:17.966+0000] {python.py:194} INFO - Done. Returned value was: None
[2023-11-21T00:37:18.038+0000] {taskinstance.py:1400} INFO - Marking task as SUCCESS. dag_id=shelter_data_dag, task_id=retrieve_data, execution_date=20231109T000000, start_date=20231121T003703, end_date=20231121T003718
[2023-11-21T00:37:18.117+0000] {local_task_job_runner.py:228} INFO - Task exited with return code 0
[2023-11-21T00:37:18.333+0000] {taskinstance.py:2778} INFO - 1 downstream tasks scheduled from follow-on schedule check
[2023-11-21T00:43:37.060+0000] {taskinstance.py:1159} INFO - Dependencies all met for dep_context=non-requeueable deps ti=<TaskInstance: shelter_data_dag.retrieve_data scheduled__2023-11-09T00:00:00+00:00 [queued]>
[2023-11-21T00:43:38.280+0000] {taskinstance.py:1159} INFO - Dependencies all met for dep_context=requeueable deps ti=<TaskInstance: shelter_data_dag.retrieve_data scheduled__2023-11-09T00:00:00+00:00 [queued]>
[2023-11-21T00:43:38.290+0000] {taskinstance.py:1361} INFO - Starting attempt 1 of 2
[2023-11-21T00:43:38.494+0000] {taskinstance.py:1382} INFO - Executing <Task(PythonOperator): retrieve_data> on 2023-11-09 00:00:00+00:00
[2023-11-21T00:43:38.651+0000] {standard_task_runner.py:57} INFO - Started process 100 to run task
[2023-11-21T00:43:38.718+0000] {standard_task_runner.py:84} INFO - Running: ['***', 'tasks', 'run', 'shelter_data_dag', 'retrieve_data', 'scheduled__2023-11-09T00:00:00+00:00', '--job-id', '140', '--raw', '--subdir', 'DAGS_FOLDER/DAG.py', '--cfg-path', '/tmp/tmp6ueyf9wv']
[2023-11-21T00:43:38.879+0000] {standard_task_runner.py:85} INFO - Job 140: Subtask retrieve_data
[2023-11-21T00:43:39.444+0000] {task_command.py:416} INFO - Running <TaskInstance: shelter_data_dag.retrieve_data scheduled__2023-11-09T00:00:00+00:00 [running]> on host 51d09cf321f5
[2023-11-21T00:43:39.790+0000] {taskinstance.py:1662} INFO - Exporting env vars: AIRFLOW_CTX_DAG_OWNER='***' AIRFLOW_CTX_DAG_ID='shelter_data_dag' AIRFLOW_CTX_TASK_ID='retrieve_data' AIRFLOW_CTX_EXECUTION_DATE='2023-11-09T00:00:00+00:00' AIRFLOW_CTX_TRY_NUMBER='1' AIRFLOW_CTX_DAG_RUN_ID='scheduled__2023-11-09T00:00:00+00:00'
[2023-11-21T00:43:42.435+0000] {etl.py:87} INFO - No new or updated data to upload. Creating an empty CSV with headers.
[2023-11-21T00:43:42.440+0000] {etl.py:91} INFO - Uploading data to 'raw_data'...
[2023-11-21T00:43:42.628+0000] {etl.py:98} INFO - Updating 'Old_Data' with current data...
[2023-11-21T00:43:43.794+0000] {python.py:194} INFO - Done. Returned value was: None
[2023-11-21T00:43:43.857+0000] {taskinstance.py:1400} INFO - Marking task as SUCCESS. dag_id=shelter_data_dag, task_id=retrieve_data, execution_date=20231109T000000, start_date=20231121T004337, end_date=20231121T004343
[2023-11-21T00:43:43.947+0000] {local_task_job_runner.py:228} INFO - Task exited with return code 0
[2023-11-21T00:43:44.004+0000] {taskinstance.py:2778} INFO - 1 downstream tasks scheduled from follow-on schedule check
