[2023-11-21T00:36:34.916+0000] {taskinstance.py:1159} INFO - Dependencies all met for dep_context=non-requeueable deps ti=<TaskInstance: shelter_data_dag.retrieve_data scheduled__2023-11-05T00:00:00+00:00 [queued]>
[2023-11-21T00:36:36.613+0000] {taskinstance.py:1159} INFO - Dependencies all met for dep_context=requeueable deps ti=<TaskInstance: shelter_data_dag.retrieve_data scheduled__2023-11-05T00:00:00+00:00 [queued]>
[2023-11-21T00:36:36.976+0000] {taskinstance.py:1361} INFO - Starting attempt 1 of 2
[2023-11-21T00:36:38.072+0000] {taskinstance.py:1382} INFO - Executing <Task(PythonOperator): retrieve_data> on 2023-11-05 00:00:00+00:00
[2023-11-21T00:36:38.165+0000] {standard_task_runner.py:57} INFO - Started process 89 to run task
[2023-11-21T00:36:38.285+0000] {standard_task_runner.py:84} INFO - Running: ['***', 'tasks', 'run', 'shelter_data_dag', 'retrieve_data', 'scheduled__2023-11-05T00:00:00+00:00', '--job-id', '92', '--raw', '--subdir', 'DAGS_FOLDER/DAG.py', '--cfg-path', '/tmp/tmpdtayonnp']
[2023-11-21T00:36:38.335+0000] {standard_task_runner.py:85} INFO - Job 92: Subtask retrieve_data
[2023-11-21T00:36:39.951+0000] {task_command.py:416} INFO - Running <TaskInstance: shelter_data_dag.retrieve_data scheduled__2023-11-05T00:00:00+00:00 [running]> on host 610e9614f2ef
[2023-11-21T00:36:41.797+0000] {taskinstance.py:1662} INFO - Exporting env vars: AIRFLOW_CTX_DAG_OWNER='***' AIRFLOW_CTX_DAG_ID='shelter_data_dag' AIRFLOW_CTX_TASK_ID='retrieve_data' AIRFLOW_CTX_EXECUTION_DATE='2023-11-05T00:00:00+00:00' AIRFLOW_CTX_TRY_NUMBER='1' AIRFLOW_CTX_DAG_RUN_ID='scheduled__2023-11-05T00:00:00+00:00'
[2023-11-21T00:36:42.600+0000] {local_task_job_runner.py:228} INFO - Task exited with return code -9
[2023-11-21T00:36:47.706+0000] {taskinstance.py:2778} INFO - 0 downstream tasks scheduled from follow-on schedule check
[2023-11-21T00:43:31.863+0000] {taskinstance.py:1159} INFO - Dependencies all met for dep_context=non-requeueable deps ti=<TaskInstance: shelter_data_dag.retrieve_data scheduled__2023-11-05T00:00:00+00:00 [queued]>
[2023-11-21T00:43:31.929+0000] {taskinstance.py:1159} INFO - Dependencies all met for dep_context=requeueable deps ti=<TaskInstance: shelter_data_dag.retrieve_data scheduled__2023-11-05T00:00:00+00:00 [queued]>
[2023-11-21T00:43:31.939+0000] {taskinstance.py:1361} INFO - Starting attempt 1 of 2
[2023-11-21T00:43:32.140+0000] {taskinstance.py:1382} INFO - Executing <Task(PythonOperator): retrieve_data> on 2023-11-05 00:00:00+00:00
[2023-11-21T00:43:32.391+0000] {standard_task_runner.py:57} INFO - Started process 95 to run task
[2023-11-21T00:43:32.612+0000] {standard_task_runner.py:84} INFO - Running: ['***', 'tasks', 'run', 'shelter_data_dag', 'retrieve_data', 'scheduled__2023-11-05T00:00:00+00:00', '--job-id', '139', '--raw', '--subdir', 'DAGS_FOLDER/DAG.py', '--cfg-path', '/tmp/tmpyan5u2w9']
[2023-11-21T00:43:32.801+0000] {standard_task_runner.py:85} INFO - Job 139: Subtask retrieve_data
[2023-11-21T00:43:35.647+0000] {local_task_job_runner.py:228} INFO - Task exited with return code -9
[2023-11-21T00:43:38.418+0000] {taskinstance.py:2778} INFO - 0 downstream tasks scheduled from follow-on schedule check
[2023-11-21T00:59:18.556+0000] {taskinstance.py:1159} INFO - Dependencies all met for dep_context=non-requeueable deps ti=<TaskInstance: shelter_data_dag.retrieve_data scheduled__2023-11-05T00:00:00+00:00 [queued]>
[2023-11-21T00:59:18.935+0000] {taskinstance.py:1159} INFO - Dependencies all met for dep_context=requeueable deps ti=<TaskInstance: shelter_data_dag.retrieve_data scheduled__2023-11-05T00:00:00+00:00 [queued]>
[2023-11-21T00:59:18.960+0000] {taskinstance.py:1361} INFO - Starting attempt 1 of 2
[2023-11-21T00:59:19.172+0000] {taskinstance.py:1382} INFO - Executing <Task(PythonOperator): retrieve_data> on 2023-11-05 00:00:00+00:00
[2023-11-21T00:59:19.258+0000] {standard_task_runner.py:57} INFO - Started process 107 to run task
[2023-11-21T00:59:19.302+0000] {standard_task_runner.py:84} INFO - Running: ['***', 'tasks', 'run', 'shelter_data_dag', 'retrieve_data', 'scheduled__2023-11-05T00:00:00+00:00', '--job-id', '203', '--raw', '--subdir', 'DAGS_FOLDER/DAG.py', '--cfg-path', '/tmp/tmp2xbfyfnn']
[2023-11-21T00:59:19.390+0000] {standard_task_runner.py:85} INFO - Job 203: Subtask retrieve_data
[2023-11-21T00:59:26.027+0000] {task_command.py:416} INFO - Running <TaskInstance: shelter_data_dag.retrieve_data scheduled__2023-11-05T00:00:00+00:00 [running]> on host e39dda9a9deb
[2023-11-21T00:59:26.759+0000] {taskinstance.py:1662} INFO - Exporting env vars: AIRFLOW_CTX_DAG_OWNER='***' AIRFLOW_CTX_DAG_ID='shelter_data_dag' AIRFLOW_CTX_TASK_ID='retrieve_data' AIRFLOW_CTX_EXECUTION_DATE='2023-11-05T00:00:00+00:00' AIRFLOW_CTX_TRY_NUMBER='1' AIRFLOW_CTX_DAG_RUN_ID='scheduled__2023-11-05T00:00:00+00:00'
[2023-11-21T00:59:39.716+0000] {etl.py:91} INFO - Uploading data to 'raw_data'...
[2023-11-21T00:59:40.714+0000] {etl.py:98} INFO - Updating 'Old_Data' with current data...
[2023-11-21T00:59:41.400+0000] {python.py:194} INFO - Done. Returned value was: None
[2023-11-21T00:59:41.441+0000] {taskinstance.py:1400} INFO - Marking task as SUCCESS. dag_id=shelter_data_dag, task_id=retrieve_data, execution_date=20231105T000000, start_date=20231121T005918, end_date=20231121T005941
[2023-11-21T00:59:41.509+0000] {local_task_job_runner.py:228} INFO - Task exited with return code 0
[2023-11-21T00:59:41.599+0000] {taskinstance.py:2778} INFO - 1 downstream tasks scheduled from follow-on schedule check
